{"/home/owner/strangesignal/projects/nostrmaxi/src/app.module.ts": {"path":"/home/owner/strangesignal/projects/nostrmaxi/src/app.module.ts","statementMap":{"0":{"start":{"line":1,"column":0},"end":{"line":1,"column":72}},"1":{"start":{"line":2,"column":0},"end":{"line":2,"column":46}},"2":{"start":{"line":3,"column":0},"end":{"line":3,"column":54}},"3":{"start":{"line":4,"column":0},"end":{"line":4,"column":54}},"4":{"start":{"line":5,"column":0},"end":{"line":5,"column":57}},"5":{"start":{"line":6,"column":0},"end":{"line":6,"column":51}},"6":{"start":{"line":7,"column":0},"end":{"line":7,"column":45}},"7":{"start":{"line":8,"column":0},"end":{"line":8,"column":48}},"8":{"start":{"line":9,"column":0},"end":{"line":9,"column":60}},"9":{"start":{"line":10,"column":0},"end":{"line":10,"column":72}},"10":{"start":{"line":11,"column":0},"end":{"line":11,"column":59}},"11":{"start":{"line":12,"column":0},"end":{"line":12,"column":51}},"12":{"start":{"line":13,"column":0},"end":{"line":13,"column":103}},"13":{"start":{"line":33,"column":7},"end":{"line":39,"column":null}},"14":{"start":{"line":35,"column":4},"end":{"line":37,"column":22}},"15":{"start":{"line":33,"column":13},"end":{"line":33,"column":22}},"16":{"start":{"line":33,"column":13},"end":{"line":39,"column":null}}},"fnMap":{"0":{"name":"(anonymous_1)","decl":{"start":{"line":34,"column":2},"end":{"line":34,"column":11}},"loc":{"start":{"line":34,"column":40},"end":{"line":38,"column":3}}}},"branchMap":{},"s":{"0":0,"1":0,"2":0,"3":0,"4":0,"5":0,"6":0,"7":0,"8":0,"9":0,"10":0,"11":0,"12":0,"13":0,"14":0,"15":0,"16":0},"f":{"0":0},"b":{}}
,"/home/owner/strangesignal/projects/nostrmaxi/src/admin/admin.controller.ts": {"path":"/home/owner/strangesignal/projects/nostrmaxi/src/admin/admin.controller.ts","statementMap":{"0":{"start":{"line":1,"column":0},"end":{"line":1,"column":70}},"1":{"start":{"line":2,"column":0},"end":{"line":2,"column":94}},"2":{"start":{"line":3,"column":0},"end":{"line":3,"column":47}},"3":{"start":{"line":4,"column":0},"end":{"line":4,"column":51}},"4":{"start":{"line":9,"column":7},"end":{"line":114,"column":null}},"5":{"start":{"line":11,"column":12},"end":{"line":11,"column":26}},"6":{"start":{"line":12,"column":12},"end":{"line":12,"column":25}},"7":{"start":{"line":16,"column":19},"end":{"line":16,"column":82}},"8":{"start":{"line":17,"column":4},"end":{"line":17,"column":43}},"9":{"start":{"line":18,"column":4},"end":{"line":18,"column":18}},"10":{"start":{"line":30,"column":16},"end":{"line":30,"column":72}},"11":{"start":{"line":31,"column":4},"end":{"line":31,"column":52}},"12":{"start":{"line":32,"column":4},"end":{"line":32,"column":40}},"13":{"start":{"line":47,"column":16},"end":{"line":47,"column":72}},"14":{"start":{"line":48,"column":4},"end":{"line":48,"column":52}},"15":{"start":{"line":49,"column":4},"end":{"line":52,"column":6}},"16":{"start":{"line":67,"column":16},"end":{"line":67,"column":72}},"17":{"start":{"line":68,"column":4},"end":{"line":68,"column":52}},"18":{"start":{"line":69,"column":4},"end":{"line":72,"column":6}},"19":{"start":{"line":87,"column":16},"end":{"line":87,"column":72}},"20":{"start":{"line":88,"column":4},"end":{"line":88,"column":52}},"21":{"start":{"line":89,"column":4},"end":{"line":92,"column":6}},"22":{"start":{"line":107,"column":16},"end":{"line":107,"column":72}},"23":{"start":{"line":108,"column":4},"end":{"line":108,"column":52}},"24":{"start":{"line":109,"column":4},"end":{"line":112,"column":6}},"25":{"start":{"line":9,"column":13},"end":{"line":9,"column":28}},"26":{"start":{"line":26,"column":8},"end":{"line":33,"column":null}},"27":{"start":{"line":41,"column":8},"end":{"line":53,"column":null}},"28":{"start":{"line":61,"column":8},"end":{"line":73,"column":null}},"29":{"start":{"line":81,"column":8},"end":{"line":93,"column":null}},"30":{"start":{"line":101,"column":8},"end":{"line":113,"column":null}},"31":{"start":{"line":9,"column":13},"end":{"line":114,"column":null}}},"fnMap":{"0":{"name":"(anonymous_4)","decl":{"start":{"line":10,"column":2},"end":{"line":10,"column":null}},"loc":{"start":{"line":12,"column":36},"end":{"line":13,"column":6}}},"1":{"name":"(anonymous_5)","decl":{"start":{"line":15,"column":10},"end":{"line":15,"column":15}},"loc":{"start":{"line":15,"column":76},"end":{"line":19,"column":3}}},"2":{"name":"(anonymous_6)","decl":{"start":{"line":26,"column":2},"end":{"line":26,"column":7}},"loc":{"start":{"line":28,"column":23},"end":{"line":33,"column":3}}},"3":{"name":"(anonymous_7)","decl":{"start":{"line":41,"column":2},"end":{"line":41,"column":7}},"loc":{"start":{"line":45,"column":34},"end":{"line":53,"column":3}}},"4":{"name":"(anonymous_8)","decl":{"start":{"line":61,"column":2},"end":{"line":61,"column":7}},"loc":{"start":{"line":65,"column":34},"end":{"line":73,"column":3}}},"5":{"name":"(anonymous_9)","decl":{"start":{"line":81,"column":2},"end":{"line":81,"column":7}},"loc":{"start":{"line":85,"column":34},"end":{"line":93,"column":3}}},"6":{"name":"(anonymous_10)","decl":{"start":{"line":101,"column":2},"end":{"line":101,"column":7}},"loc":{"start":{"line":105,"column":34},"end":{"line":113,"column":3}}}},"branchMap":{"0":{"loc":{"start":{"line":50,"column":6},"end":{"line":50,"column":39}},"type":"cond-expr","locations":[{"start":{"line":50,"column":13},"end":{"line":50,"column":27}},{"start":{"line":50,"column":30},"end":{"line":50,"column":39}}]},"1":{"loc":{"start":{"line":51,"column":6},"end":{"line":51,"column":41}},"type":"cond-expr","locations":[{"start":{"line":51,"column":14},"end":{"line":51,"column":29}},{"start":{"line":51,"column":32},"end":{"line":51,"column":41}}]},"2":{"loc":{"start":{"line":70,"column":6},"end":{"line":70,"column":39}},"type":"cond-expr","locations":[{"start":{"line":70,"column":13},"end":{"line":70,"column":27}},{"start":{"line":70,"column":30},"end":{"line":70,"column":39}}]},"3":{"loc":{"start":{"line":71,"column":6},"end":{"line":71,"column":41}},"type":"cond-expr","locations":[{"start":{"line":71,"column":14},"end":{"line":71,"column":29}},{"start":{"line":71,"column":32},"end":{"line":71,"column":41}}]},"4":{"loc":{"start":{"line":90,"column":6},"end":{"line":90,"column":39}},"type":"cond-expr","locations":[{"start":{"line":90,"column":13},"end":{"line":90,"column":27}},{"start":{"line":90,"column":30},"end":{"line":90,"column":39}}]},"5":{"loc":{"start":{"line":91,"column":6},"end":{"line":91,"column":41}},"type":"cond-expr","locations":[{"start":{"line":91,"column":14},"end":{"line":91,"column":29}},{"start":{"line":91,"column":32},"end":{"line":91,"column":41}}]},"6":{"loc":{"start":{"line":110,"column":6},"end":{"line":110,"column":39}},"type":"cond-expr","locations":[{"start":{"line":110,"column":13},"end":{"line":110,"column":27}},{"start":{"line":110,"column":30},"end":{"line":110,"column":39}}]},"7":{"loc":{"start":{"line":111,"column":6},"end":{"line":111,"column":41}},"type":"cond-expr","locations":[{"start":{"line":111,"column":14},"end":{"line":111,"column":29}},{"start":{"line":111,"column":32},"end":{"line":111,"column":41}}]}},"s":{"0":0,"1":0,"2":0,"3":0,"4":0,"5":0,"6":0,"7":0,"8":0,"9":0,"10":0,"11":0,"12":0,"13":0,"14":0,"15":0,"16":0,"17":0,"18":0,"19":0,"20":0,"21":0,"22":0,"23":0,"24":0,"25":0,"26":0,"27":0,"28":0,"29":0,"30":0,"31":0},"f":{"0":0,"1":0,"2":0,"3":0,"4":0,"5":0,"6":0},"b":{"0":[0,0],"1":[0,0],"2":[0,0],"3":[0,0],"4":[0,0],"5":[0,0],"6":[0,0],"7":[0,0]}}
,"/home/owner/strangesignal/projects/nostrmaxi/src/admin/admin.module.ts": {"path":"/home/owner/strangesignal/projects/nostrmaxi/src/admin/admin.module.ts","statementMap":{"0":{"start":{"line":1,"column":0},"end":{"line":1,"column":40}},"1":{"start":{"line":2,"column":0},"end":{"line":2,"column":53}},"2":{"start":{"line":3,"column":0},"end":{"line":3,"column":47}},"3":{"start":{"line":4,"column":0},"end":{"line":4,"column":49}},"4":{"start":{"line":12,"column":7},"end":{"line":12,"column":null}},"5":{"start":{"line":12,"column":13},"end":{"line":12,"column":24}},"6":{"start":{"line":12,"column":13},"end":{"line":12,"column":null}}},"fnMap":{},"branchMap":{},"s":{"0":0,"1":0,"2":0,"3":0,"4":0,"5":0,"6":0},"f":{},"b":{}}
,"/home/owner/strangesignal/projects/nostrmaxi/src/admin/admin.service.ts": {"path":"/home/owner/strangesignal/projects/nostrmaxi/src/admin/admin.service.ts","statementMap":{"0":{"start":{"line":1,"column":0},"end":{"line":1,"column":64}},"1":{"start":{"line":2,"column":0},"end":{"line":2,"column":57}},"2":{"start":{"line":3,"column":0},"end":{"line":3,"column":47}},"3":{"start":{"line":6,"column":7},"end":{"line":193,"column":null}},"4":{"start":{"line":10,"column":12},"end":{"line":10,"column":20}},"5":{"start":{"line":11,"column":12},"end":{"line":11,"column":20}},"6":{"start":{"line":13,"column":4},"end":{"line":13,"column":88}},"7":{"start":{"line":20,"column":4},"end":{"line":20,"column":46}},"8":{"start":{"line":27,"column":4},"end":{"line":29,"column":5}},"9":{"start":{"line":28,"column":6},"end":{"line":28,"column":60}},"10":{"start":{"line":42,"column":8},"end":{"line":53,"column":6}},"11":{"start":{"line":55,"column":4},"end":{"line":64,"column":6}},"12":{"start":{"line":61,"column":8},"end":{"line":61,"column":31}},"13":{"start":{"line":62,"column":8},"end":{"line":62,"column":19}},"14":{"start":{"line":71,"column":17},"end":{"line":71,"column":35}},"15":{"start":{"line":73,"column":27},"end":{"line":85,"column":6}},"16":{"start":{"line":87,"column":4},"end":{"line":100,"column":6}},"17":{"start":{"line":88,"column":31},"end":{"line":96,"column":8}},"18":{"start":{"line":93,"column":36},"end":{"line":93,"column":64}},"19":{"start":{"line":107,"column":17},"end":{"line":107,"column":35}},"20":{"start":{"line":109,"column":28},"end":{"line":118,"column":6}},"21":{"start":{"line":120,"column":4},"end":{"line":131,"column":6}},"22":{"start":{"line":121,"column":33},"end":{"line":127,"column":8}},"23":{"start":{"line":138,"column":17},"end":{"line":138,"column":35}},"24":{"start":{"line":140,"column":26},"end":{"line":147,"column":6}},"25":{"start":{"line":149,"column":4},"end":{"line":154,"column":6}},"26":{"start":{"line":161,"column":17},"end":{"line":161,"column":35}},"27":{"start":{"line":163,"column":30},"end":{"line":175,"column":6}},"28":{"start":{"line":177,"column":4},"end":{"line":191,"column":6}},"29":{"start":{"line":178,"column":37},"end":{"line":187,"column":8}},"30":{"start":{"line":6,"column":13},"end":{"line":6,"column":25}},"31":{"start":{"line":6,"column":13},"end":{"line":193,"column":null}}},"fnMap":{"0":{"name":"(anonymous_2)","decl":{"start":{"line":9,"column":2},"end":{"line":9,"column":null}},"loc":{"start":{"line":11,"column":33},"end":{"line":14,"column":3}}},"1":{"name":"(anonymous_3)","decl":{"start":{"line":19,"column":2},"end":{"line":19,"column":9}},"loc":{"start":{"line":19,"column":24},"end":{"line":21,"column":3}}},"2":{"name":"(anonymous_4)","decl":{"start":{"line":26,"column":2},"end":{"line":26,"column":14}},"loc":{"start":{"line":26,"column":29},"end":{"line":30,"column":3}}},"3":{"name":"(anonymous_5)","decl":{"start":{"line":35,"column":2},"end":{"line":35,"column":7}},"loc":{"start":{"line":35,"column":16},"end":{"line":65,"column":3}}},"4":{"name":"(anonymous_6)","decl":{"start":{"line":60,"column":42},"end":{"line":60,"column":43}},"loc":{"start":{"line":60,"column":53},"end":{"line":63,"column":7}}},"5":{"name":"(anonymous_7)","decl":{"start":{"line":70,"column":2},"end":{"line":70,"column":7}},"loc":{"start":{"line":70,"column":38},"end":{"line":101,"column":3}}},"6":{"name":"(anonymous_8)","decl":{"start":{"line":88,"column":23},"end":{"line":88,"column":24}},"loc":{"start":{"line":88,"column":31},"end":{"line":96,"column":8}}},"7":{"name":"(anonymous_9)","decl":{"start":{"line":93,"column":29},"end":{"line":93,"column":30}},"loc":{"start":{"line":93,"column":36},"end":{"line":93,"column":64}}},"8":{"name":"(anonymous_10)","decl":{"start":{"line":106,"column":2},"end":{"line":106,"column":7}},"loc":{"start":{"line":106,"column":39},"end":{"line":132,"column":3}}},"9":{"name":"(anonymous_11)","decl":{"start":{"line":121,"column":25},"end":{"line":121,"column":26}},"loc":{"start":{"line":121,"column":33},"end":{"line":127,"column":8}}},"10":{"name":"(anonymous_12)","decl":{"start":{"line":137,"column":2},"end":{"line":137,"column":7}},"loc":{"start":{"line":137,"column":41},"end":{"line":155,"column":3}}},"11":{"name":"(anonymous_13)","decl":{"start":{"line":160,"column":2},"end":{"line":160,"column":7}},"loc":{"start":{"line":160,"column":40},"end":{"line":192,"column":3}}},"12":{"name":"(anonymous_14)","decl":{"start":{"line":178,"column":29},"end":{"line":178,"column":30}},"loc":{"start":{"line":178,"column":37},"end":{"line":187,"column":8}}}},"branchMap":{"0":{"loc":{"start":{"line":27,"column":4},"end":{"line":29,"column":5}},"type":"if","locations":[{"start":{"line":27,"column":4},"end":{"line":29,"column":5}}]},"1":{"loc":{"start":{"line":70,"column":18},"end":{"line":70,"column":26}},"type":"default-arg","locations":[{"start":{"line":70,"column":25},"end":{"line":70,"column":26}}]},"2":{"loc":{"start":{"line":70,"column":28},"end":{"line":70,"column":38}},"type":"default-arg","locations":[{"start":{"line":70,"column":36},"end":{"line":70,"column":38}}]},"3":{"loc":{"start":{"line":92,"column":14},"end":{"line":92,"column":44}},"type":"binary-expr","locations":[{"start":{"line":92,"column":14},"end":{"line":92,"column":34}},{"start":{"line":92,"column":38},"end":{"line":92,"column":44}}]},"4":{"loc":{"start":{"line":94,"column":18},"end":{"line":94,"column":45}},"type":"binary-expr","locations":[{"start":{"line":94,"column":18},"end":{"line":94,"column":40}},{"start":{"line":94,"column":44},"end":{"line":94,"column":45}}]},"5":{"loc":{"start":{"line":106,"column":19},"end":{"line":106,"column":27}},"type":"default-arg","locations":[{"start":{"line":106,"column":26},"end":{"line":106,"column":27}}]},"6":{"loc":{"start":{"line":106,"column":29},"end":{"line":106,"column":39}},"type":"default-arg","locations":[{"start":{"line":106,"column":37},"end":{"line":106,"column":39}}]},"7":{"loc":{"start":{"line":137,"column":20},"end":{"line":137,"column":28}},"type":"default-arg","locations":[{"start":{"line":137,"column":27},"end":{"line":137,"column":28}}]},"8":{"loc":{"start":{"line":137,"column":30},"end":{"line":137,"column":41}},"type":"default-arg","locations":[{"start":{"line":137,"column":38},"end":{"line":137,"column":41}}]},"9":{"loc":{"start":{"line":160,"column":20},"end":{"line":160,"column":28}},"type":"default-arg","locations":[{"start":{"line":160,"column":27},"end":{"line":160,"column":28}}]},"10":{"loc":{"start":{"line":160,"column":30},"end":{"line":160,"column":40}},"type":"default-arg","locations":[{"start":{"line":160,"column":38},"end":{"line":160,"column":40}}]},"11":{"loc":{"start":{"line":181,"column":16},"end":{"line":181,"column":43}},"type":"binary-expr","locations":[{"start":{"line":181,"column":16},"end":{"line":181,"column":28}},{"start":{"line":181,"column":32},"end":{"line":181,"column":43}}]},"12":{"loc":{"start":{"line":182,"column":18},"end":{"line":182,"column":47}},"type":"cond-expr","locations":[{"start":{"line":182,"column":33},"end":{"line":182,"column":39}},{"start":{"line":182,"column":42},"end":{"line":182,"column":47}}]}},"s":{"0":0,"1":0,"2":0,"3":0,"4":0,"5":0,"6":0,"7":0,"8":0,"9":0,"10":0,"11":0,"12":0,"13":0,"14":0,"15":0,"16":0,"17":0,"18":0,"19":0,"20":0,"21":0,"22":0,"23":0,"24":0,"25":0,"26":0,"27":0,"28":0,"29":0,"30":0,"31":0},"f":{"0":0,"1":0,"2":0,"3":0,"4":0,"5":0,"6":0,"7":0,"8":0,"9":0,"10":0,"11":0,"12":0},"b":{"0":[0],"1":[0],"2":[0],"3":[0,0],"4":[0,0],"5":[0],"6":[0],"7":[0],"8":[0],"9":[0],"10":[0],"11":[0,0],"12":[0,0]}}
,"/home/owner/strangesignal/projects/nostrmaxi/src/api-keys/api-keys.controller.ts": {"path":"/home/owner/strangesignal/projects/nostrmaxi/src/api-keys/api-keys.controller.ts","statementMap":{"0":{"start":{"line":1,"column":0},"end":{"line":1,"column":90}},"1":{"start":{"line":2,"column":0},"end":{"line":2,"column":84}},"2":{"start":{"line":3,"column":0},"end":{"line":3,"column":52}},"3":{"start":{"line":4,"column":0},"end":{"line":4,"column":51}},"4":{"start":{"line":9,"column":7},"end":{"line":82,"column":null}},"5":{"start":{"line":11,"column":12},"end":{"line":11,"column":28}},"6":{"start":{"line":12,"column":12},"end":{"line":12,"column":25}},"7":{"start":{"line":25,"column":16},"end":{"line":25,"column":72}},"8":{"start":{"line":26,"column":19},"end":{"line":26,"column":77}},"9":{"start":{"line":28,"column":4},"end":{"line":33,"column":6}},"10":{"start":{"line":44,"column":16},"end":{"line":44,"column":72}},"11":{"start":{"line":45,"column":19},"end":{"line":45,"column":76}},"12":{"start":{"line":47,"column":4},"end":{"line":47,"column":51}},"13":{"start":{"line":60,"column":16},"end":{"line":60,"column":72}},"14":{"start":{"line":61,"column":19},"end":{"line":61,"column":76}},"15":{"start":{"line":63,"column":4},"end":{"line":63,"column":61}},"16":{"start":{"line":76,"column":16},"end":{"line":76,"column":72}},"17":{"start":{"line":77,"column":19},"end":{"line":77,"column":79}},"18":{"start":{"line":79,"column":4},"end":{"line":79,"column":58}},"19":{"start":{"line":80,"column":4},"end":{"line":80,"column":29}},"20":{"start":{"line":9,"column":13},"end":{"line":9,"column":30}},"21":{"start":{"line":20,"column":8},"end":{"line":34,"column":null}},"22":{"start":{"line":40,"column":8},"end":{"line":48,"column":null}},"23":{"start":{"line":55,"column":8},"end":{"line":64,"column":null}},"24":{"start":{"line":71,"column":8},"end":{"line":81,"column":null}},"25":{"start":{"line":9,"column":13},"end":{"line":82,"column":null}}},"fnMap":{"0":{"name":"(anonymous_4)","decl":{"start":{"line":10,"column":2},"end":{"line":10,"column":null}},"loc":{"start":{"line":12,"column":36},"end":{"line":13,"column":6}}},"1":{"name":"(anonymous_5)","decl":{"start":{"line":20,"column":2},"end":{"line":20,"column":7}},"loc":{"start":{"line":23,"column":78},"end":{"line":34,"column":3}}},"2":{"name":"(anonymous_6)","decl":{"start":{"line":40,"column":2},"end":{"line":40,"column":7}},"loc":{"start":{"line":42,"column":23},"end":{"line":48,"column":3}}},"3":{"name":"(anonymous_7)","decl":{"start":{"line":55,"column":2},"end":{"line":55,"column":7}},"loc":{"start":{"line":58,"column":30},"end":{"line":64,"column":3}}},"4":{"name":"(anonymous_8)","decl":{"start":{"line":71,"column":2},"end":{"line":71,"column":7}},"loc":{"start":{"line":74,"column":30},"end":{"line":81,"column":3}}}},"branchMap":{"0":{"loc":{"start":{"line":32,"column":6},"end":{"line":32,"column":59}},"type":"cond-expr","locations":[{"start":{"line":32,"column":23},"end":{"line":32,"column":47}},{"start":{"line":32,"column":50},"end":{"line":32,"column":59}}]}},"s":{"0":0,"1":0,"2":0,"3":0,"4":0,"5":0,"6":0,"7":0,"8":0,"9":0,"10":0,"11":0,"12":0,"13":0,"14":0,"15":0,"16":0,"17":0,"18":0,"19":0,"20":0,"21":0,"22":0,"23":0,"24":0,"25":0},"f":{"0":0,"1":0,"2":0,"3":0,"4":0},"b":{"0":[0,0]}}
,"/home/owner/strangesignal/projects/nostrmaxi/src/api-keys/api-keys.module.ts": {"path":"/home/owner/strangesignal/projects/nostrmaxi/src/api-keys/api-keys.module.ts","statementMap":{"0":{"start":{"line":1,"column":0},"end":{"line":1,"column":40}},"1":{"start":{"line":2,"column":0},"end":{"line":2,"column":58}},"2":{"start":{"line":3,"column":0},"end":{"line":3,"column":52}},"3":{"start":{"line":4,"column":0},"end":{"line":4,"column":55}},"4":{"start":{"line":5,"column":0},"end":{"line":5,"column":49}},"5":{"start":{"line":13,"column":7},"end":{"line":13,"column":null}},"6":{"start":{"line":13,"column":13},"end":{"line":13,"column":26}},"7":{"start":{"line":13,"column":13},"end":{"line":13,"column":null}}},"fnMap":{},"branchMap":{},"s":{"0":0,"1":0,"2":0,"3":0,"4":0,"5":0,"6":0,"7":0},"f":{},"b":{}}
,"/home/owner/strangesignal/projects/nostrmaxi/src/api-keys/api-keys.service.ts": {"path":"/home/owner/strangesignal/projects/nostrmaxi/src/api-keys/api-keys.service.ts","statementMap":{"0":{"start":{"line":1,"column":0},"end":{"line":1,"column":104}},"1":{"start":{"line":2,"column":0},"end":{"line":2,"column":57}},"2":{"start":{"line":3,"column":0},"end":{"line":3,"column":33}},"3":{"start":{"line":17,"column":7},"end":{"line":299,"column":null}},"4":{"start":{"line":18,"column":22},"end":{"line":18,"column":30}},"5":{"start":{"line":30,"column":17},"end":{"line":33,"column":6}},"6":{"start":{"line":35,"column":4},"end":{"line":37,"column":5}},"7":{"start":{"line":36,"column":6},"end":{"line":36,"column":52}},"8":{"start":{"line":39,"column":4},"end":{"line":41,"column":5}},"9":{"start":{"line":40,"column":6},"end":{"line":40,"column":82}},"10":{"start":{"line":44,"column":23},"end":{"line":44,"column":63}},"11":{"start":{"line":44,"column":50},"end":{"line":44,"column":62}},"12":{"start":{"line":45,"column":4},"end":{"line":47,"column":5}},"13":{"start":{"line":46,"column":6},"end":{"line":46,"column":79}},"14":{"start":{"line":50,"column":19},"end":{"line":50,"column":65}},"15":{"start":{"line":51,"column":20},"end":{"line":51,"column":40}},"16":{"start":{"line":52,"column":22},"end":{"line":52,"column":41}},"17":{"start":{"line":54,"column":19},"end":{"line":64,"column":6}},"18":{"start":{"line":67,"column":4},"end":{"line":75,"column":7}},"19":{"start":{"line":77,"column":4},"end":{"line":86,"column":6}},"20":{"start":{"line":93,"column":17},"end":{"line":101,"column":6}},"21":{"start":{"line":103,"column":4},"end":{"line":105,"column":5}},"22":{"start":{"line":104,"column":6},"end":{"line":104,"column":52}},"23":{"start":{"line":107,"column":4},"end":{"line":116,"column":8}},"24":{"start":{"line":107,"column":36},"end":{"line":116,"column":6}},"25":{"start":{"line":123,"column":19},"end":{"line":135,"column":6}},"26":{"start":{"line":137,"column":4},"end":{"line":139,"column":5}},"27":{"start":{"line":138,"column":6},"end":{"line":138,"column":55}},"28":{"start":{"line":142,"column":16},"end":{"line":142,"column":26}},"29":{"start":{"line":143,"column":20},"end":{"line":143,"column":60}},"30":{"start":{"line":144,"column":19},"end":{"line":144,"column":64}},"31":{"start":{"line":146,"column":24},"end":{"line":146,"column":85}},"32":{"start":{"line":146,"column":55},"end":{"line":146,"column":77}},"33":{"start":{"line":147,"column":23},"end":{"line":147,"column":83}},"34":{"start":{"line":147,"column":54},"end":{"line":147,"column":75}},"35":{"start":{"line":150,"column":51},"end":{"line":150,"column":53}},"36":{"start":{"line":151,"column":4},"end":{"line":154,"column":5}},"37":{"start":{"line":152,"column":18},"end":{"line":152,"column":49}},"38":{"start":{"line":153,"column":6},"end":{"line":153,"column":59}},"39":{"start":{"line":156,"column":4},"end":{"line":173,"column":6}},"40":{"start":{"line":163,"column":64},"end":{"line":168,"column":8}},"41":{"start":{"line":170,"column":37},"end":{"line":170,"column":56}},"42":{"start":{"line":171,"column":24},"end":{"line":171,"column":41}},"43":{"start":{"line":180,"column":19},"end":{"line":186,"column":6}},"44":{"start":{"line":188,"column":4},"end":{"line":190,"column":5}},"45":{"start":{"line":189,"column":6},"end":{"line":189,"column":55}},"46":{"start":{"line":192,"column":4},"end":{"line":195,"column":7}},"47":{"start":{"line":198,"column":4},"end":{"line":205,"column":7}},"48":{"start":{"line":218,"column":4},"end":{"line":220,"column":5}},"49":{"start":{"line":219,"column":6},"end":{"line":219,"column":30}},"50":{"start":{"line":222,"column":20},"end":{"line":222,"column":37}},"51":{"start":{"line":223,"column":19},"end":{"line":233,"column":6}},"52":{"start":{"line":235,"column":4},"end":{"line":237,"column":5}},"53":{"start":{"line":236,"column":6},"end":{"line":236,"column":30}},"54":{"start":{"line":240,"column":4},"end":{"line":242,"column":5}},"55":{"start":{"line":241,"column":6},"end":{"line":241,"column":30}},"56":{"start":{"line":245,"column":4},"end":{"line":247,"column":5}},"57":{"start":{"line":246,"column":6},"end":{"line":246,"column":30}},"58":{"start":{"line":250,"column":20},"end":{"line":250,"column":57}},"59":{"start":{"line":251,"column":24},"end":{"line":256,"column":6}},"60":{"start":{"line":258,"column":22},"end":{"line":258,"column":65}},"61":{"start":{"line":261,"column":4},"end":{"line":264,"column":7}},"62":{"start":{"line":266,"column":4},"end":{"line":272,"column":6}},"63":{"start":{"line":279,"column":20},"end":{"line":279,"column":37}},"64":{"start":{"line":280,"column":19},"end":{"line":282,"column":6}},"65":{"start":{"line":284,"column":4},"end":{"line":293,"column":5}},"66":{"start":{"line":285,"column":6},"end":{"line":292,"column":9}},"67":{"start":{"line":297,"column":4},"end":{"line":297,"column":65}},"68":{"start":{"line":17,"column":13},"end":{"line":17,"column":27}},"69":{"start":{"line":17,"column":13},"end":{"line":299,"column":null}}},"fnMap":{"0":{"name":"(anonymous_11)","decl":{"start":{"line":18,"column":2},"end":{"line":18,"column":22}},"loc":{"start":{"line":18,"column":43},"end":{"line":18,"column":47}}},"1":{"name":"(anonymous_12)","decl":{"start":{"line":23,"column":2},"end":{"line":23,"column":7}},"loc":{"start":{"line":27,"column":20},"end":{"line":87,"column":3}}},"2":{"name":"(anonymous_13)","decl":{"start":{"line":44,"column":43},"end":{"line":44,"column":44}},"loc":{"start":{"line":44,"column":50},"end":{"line":44,"column":62}}},"3":{"name":"(anonymous_14)","decl":{"start":{"line":92,"column":2},"end":{"line":92,"column":7}},"loc":{"start":{"line":92,"column":34},"end":{"line":117,"column":3}}},"4":{"name":"(anonymous_15)","decl":{"start":{"line":107,"column":28},"end":{"line":107,"column":29}},"loc":{"start":{"line":107,"column":36},"end":{"line":116,"column":6}}},"5":{"name":"(anonymous_16)","decl":{"start":{"line":122,"column":2},"end":{"line":122,"column":7}},"loc":{"start":{"line":122,"column":52},"end":{"line":174,"column":3}}},"6":{"name":"(anonymous_17)","decl":{"start":{"line":146,"column":48},"end":{"line":146,"column":49}},"loc":{"start":{"line":146,"column":55},"end":{"line":146,"column":77}}},"7":{"name":"(anonymous_18)","decl":{"start":{"line":147,"column":47},"end":{"line":147,"column":48}},"loc":{"start":{"line":147,"column":54},"end":{"line":147,"column":75}}},"8":{"name":"(anonymous_19)","decl":{"start":{"line":163,"column":56},"end":{"line":163,"column":57}},"loc":{"start":{"line":163,"column":64},"end":{"line":168,"column":8}}},"9":{"name":"(anonymous_20)","decl":{"start":{"line":170,"column":13},"end":{"line":170,"column":14}},"loc":{"start":{"line":170,"column":37},"end":{"line":170,"column":56}}},"10":{"name":"(anonymous_21)","decl":{"start":{"line":171,"column":14},"end":{"line":171,"column":15}},"loc":{"start":{"line":171,"column":24},"end":{"line":171,"column":41}}},"11":{"name":"(anonymous_22)","decl":{"start":{"line":179,"column":2},"end":{"line":179,"column":7}},"loc":{"start":{"line":179,"column":50},"end":{"line":206,"column":3}}},"12":{"name":"(anonymous_23)","decl":{"start":{"line":211,"column":2},"end":{"line":211,"column":7}},"loc":{"start":{"line":211,"column":32},"end":{"line":273,"column":3}}},"13":{"name":"(anonymous_24)","decl":{"start":{"line":278,"column":2},"end":{"line":278,"column":7}},"loc":{"start":{"line":278,"column":82},"end":{"line":294,"column":3}}},"14":{"name":"(anonymous_25)","decl":{"start":{"line":296,"column":10},"end":{"line":296,"column":17}},"loc":{"start":{"line":296,"column":29},"end":{"line":298,"column":3}}}},"branchMap":{"0":{"loc":{"start":{"line":26,"column":4},"end":{"line":26,"column":36}},"type":"default-arg","locations":[{"start":{"line":26,"column":28},"end":{"line":26,"column":36}}]},"1":{"loc":{"start":{"line":35,"column":4},"end":{"line":37,"column":5}},"type":"if","locations":[{"start":{"line":35,"column":4},"end":{"line":37,"column":5}}]},"2":{"loc":{"start":{"line":39,"column":4},"end":{"line":41,"column":5}},"type":"if","locations":[{"start":{"line":39,"column":4},"end":{"line":41,"column":5}}]},"3":{"loc":{"start":{"line":45,"column":4},"end":{"line":47,"column":5}},"type":"if","locations":[{"start":{"line":45,"column":4},"end":{"line":47,"column":5}}]},"4":{"loc":{"start":{"line":85,"column":17},"end":{"line":85,"column":46}},"type":"binary-expr","locations":[{"start":{"line":85,"column":17},"end":{"line":85,"column":33}},{"start":{"line":85,"column":37},"end":{"line":85,"column":46}}]},"5":{"loc":{"start":{"line":103,"column":4},"end":{"line":105,"column":5}},"type":"if","locations":[{"start":{"line":103,"column":4},"end":{"line":105,"column":5}}]},"6":{"loc":{"start":{"line":137,"column":4},"end":{"line":139,"column":5}},"type":"if","locations":[{"start":{"line":137,"column":4},"end":{"line":139,"column":5}}]},"7":{"loc":{"start":{"line":153,"column":29},"end":{"line":153,"column":53}},"type":"binary-expr","locations":[{"start":{"line":153,"column":29},"end":{"line":153,"column":48}},{"start":{"line":153,"column":52},"end":{"line":153,"column":53}}]},"8":{"loc":{"start":{"line":188,"column":4},"end":{"line":190,"column":5}},"type":"if","locations":[{"start":{"line":188,"column":4},"end":{"line":190,"column":5}}]},"9":{"loc":{"start":{"line":218,"column":4},"end":{"line":220,"column":5}},"type":"if","locations":[{"start":{"line":218,"column":4},"end":{"line":220,"column":5}}]},"10":{"loc":{"start":{"line":235,"column":4},"end":{"line":237,"column":5}},"type":"if","locations":[{"start":{"line":235,"column":4},"end":{"line":237,"column":5}}]},"11":{"loc":{"start":{"line":240,"column":4},"end":{"line":242,"column":5}},"type":"if","locations":[{"start":{"line":240,"column":4},"end":{"line":242,"column":5}}]},"12":{"loc":{"start":{"line":240,"column":8},"end":{"line":240,"column":57}},"type":"binary-expr","locations":[{"start":{"line":240,"column":8},"end":{"line":240,"column":24}},{"start":{"line":240,"column":28},"end":{"line":240,"column":57}}]},"13":{"loc":{"start":{"line":245,"column":4},"end":{"line":247,"column":5}},"type":"if","locations":[{"start":{"line":245,"column":4},"end":{"line":247,"column":5}}]},"14":{"loc":{"start":{"line":284,"column":4},"end":{"line":293,"column":5}},"type":"if","locations":[{"start":{"line":284,"column":4},"end":{"line":293,"column":5}}]}},"s":{"0":0,"1":0,"2":0,"3":0,"4":0,"5":0,"6":0,"7":0,"8":0,"9":0,"10":0,"11":0,"12":0,"13":0,"14":0,"15":0,"16":0,"17":0,"18":0,"19":0,"20":0,"21":0,"22":0,"23":0,"24":0,"25":0,"26":0,"27":0,"28":0,"29":0,"30":0,"31":0,"32":0,"33":0,"34":0,"35":0,"36":0,"37":0,"38":0,"39":0,"40":0,"41":0,"42":0,"43":0,"44":0,"45":0,"46":0,"47":0,"48":0,"49":0,"50":0,"51":0,"52":0,"53":0,"54":0,"55":0,"56":0,"57":0,"58":0,"59":0,"60":0,"61":0,"62":0,"63":0,"64":0,"65":0,"66":0,"67":0,"68":0,"69":0},"f":{"0":0,"1":0,"2":0,"3":0,"4":0,"5":0,"6":0,"7":0,"8":0,"9":0,"10":0,"11":0,"12":0,"13":0,"14":0},"b":{"0":[0],"1":[0],"2":[0],"3":[0],"4":[0,0],"5":[0],"6":[0],"7":[0,0],"8":[0],"9":[0],"10":[0],"11":[0],"12":[0,0],"13":[0],"14":[0]}}
,"/home/owner/strangesignal/projects/nostrmaxi/src/auth/auth.controller.ts": {"path":"/home/owner/strangesignal/projects/nostrmaxi/src/auth/auth.controller.ts","statementMap":{"0":{"start":{"line":1,"column":0},"end":{"line":1,"column":119}},"1":{"start":{"line":2,"column":0},"end":{"line":2,"column":94}},"2":{"start":{"line":3,"column":0},"end":{"line":3,"column":61}},"3":{"start":{"line":8,"column":7},"end":{"line":164,"column":null}},"4":{"start":{"line":9,"column":22},"end":{"line":9,"column":35}},"5":{"start":{"line":17,"column":4},"end":{"line":17,"column":59}},"6":{"start":{"line":28,"column":22},"end":{"line":28,"column":43}},"7":{"start":{"line":29,"column":22},"end":{"line":29,"column":60}},"8":{"start":{"line":31,"column":4},"end":{"line":31,"column":78}},"9":{"start":{"line":40,"column":4},"end":{"line":40,"column":48}},"10":{"start":{"line":54,"column":4},"end":{"line":54,"column":62}},"11":{"start":{"line":65,"column":22},"end":{"line":65,"column":43}},"12":{"start":{"line":66,"column":22},"end":{"line":66,"column":60}},"13":{"start":{"line":68,"column":4},"end":{"line":68,"column":68}},"14":{"start":{"line":82,"column":16},"end":{"line":82,"column":72}},"15":{"start":{"line":83,"column":19},"end":{"line":83,"column":76}},"16":{"start":{"line":84,"column":17},"end":{"line":84,"column":63}},"17":{"start":{"line":86,"column":4},"end":{"line":99,"column":6}},"18":{"start":{"line":108,"column":4},"end":{"line":110,"column":5}},"19":{"start":{"line":109,"column":6},"end":{"line":109,"column":57}},"20":{"start":{"line":121,"column":16},"end":{"line":121,"column":72}},"21":{"start":{"line":122,"column":19},"end":{"line":122,"column":76}},"22":{"start":{"line":123,"column":4},"end":{"line":123,"column":52}},"23":{"start":{"line":136,"column":16},"end":{"line":136,"column":72}},"24":{"start":{"line":137,"column":19},"end":{"line":137,"column":79}},"25":{"start":{"line":138,"column":4},"end":{"line":138,"column":60}},"26":{"start":{"line":152,"column":16},"end":{"line":152,"column":72}},"27":{"start":{"line":153,"column":19},"end":{"line":153,"column":82}},"28":{"start":{"line":154,"column":17},"end":{"line":154,"column":63}},"29":{"start":{"line":156,"column":4},"end":{"line":162,"column":6}},"30":{"start":{"line":8,"column":13},"end":{"line":8,"column":27}},"31":{"start":{"line":16,"column":8},"end":{"line":18,"column":null}},"32":{"start":{"line":24,"column":8},"end":{"line":32,"column":null}},"33":{"start":{"line":39,"column":8},"end":{"line":41,"column":null}},"34":{"start":{"line":49,"column":8},"end":{"line":55,"column":null}},"35":{"start":{"line":61,"column":8},"end":{"line":69,"column":null}},"36":{"start":{"line":78,"column":8},"end":{"line":100,"column":null}},"37":{"start":{"line":107,"column":8},"end":{"line":111,"column":null}},"38":{"start":{"line":117,"column":8},"end":{"line":124,"column":null}},"39":{"start":{"line":131,"column":8},"end":{"line":139,"column":null}},"40":{"start":{"line":148,"column":8},"end":{"line":163,"column":null}},"41":{"start":{"line":8,"column":13},"end":{"line":164,"column":null}}},"fnMap":{"0":{"name":"(anonymous_4)","decl":{"start":{"line":9,"column":2},"end":{"line":9,"column":22}},"loc":{"start":{"line":9,"column":46},"end":{"line":9,"column":50}}},"1":{"name":"(anonymous_5)","decl":{"start":{"line":16,"column":2},"end":{"line":16,"column":7}},"loc":{"start":{"line":16,"column":54},"end":{"line":18,"column":3}}},"2":{"name":"(anonymous_6)","decl":{"start":{"line":24,"column":2},"end":{"line":24,"column":7}},"loc":{"start":{"line":26,"column":23},"end":{"line":32,"column":3}}},"3":{"name":"(anonymous_7)","decl":{"start":{"line":39,"column":2},"end":{"line":39,"column":7}},"loc":{"start":{"line":39,"column":20},"end":{"line":41,"column":3}}},"4":{"name":"(anonymous_8)","decl":{"start":{"line":49,"column":2},"end":{"line":49,"column":7}},"loc":{"start":{"line":52,"column":29},"end":{"line":55,"column":3}}},"5":{"name":"(anonymous_9)","decl":{"start":{"line":61,"column":2},"end":{"line":61,"column":7}},"loc":{"start":{"line":63,"column":23},"end":{"line":69,"column":3}}},"6":{"name":"(anonymous_10)","decl":{"start":{"line":78,"column":2},"end":{"line":78,"column":7}},"loc":{"start":{"line":80,"column":23},"end":{"line":100,"column":3}}},"7":{"name":"(anonymous_11)","decl":{"start":{"line":107,"column":2},"end":{"line":107,"column":7}},"loc":{"start":{"line":107,"column":59},"end":{"line":111,"column":3}}},"8":{"name":"(anonymous_12)","decl":{"start":{"line":117,"column":2},"end":{"line":117,"column":7}},"loc":{"start":{"line":119,"column":23},"end":{"line":124,"column":3}}},"9":{"name":"(anonymous_13)","decl":{"start":{"line":131,"column":2},"end":{"line":131,"column":7}},"loc":{"start":{"line":134,"column":41},"end":{"line":139,"column":3}}},"10":{"name":"(anonymous_14)","decl":{"start":{"line":148,"column":2},"end":{"line":148,"column":7}},"loc":{"start":{"line":150,"column":23},"end":{"line":163,"column":3}}}},"branchMap":{"0":{"loc":{"start":{"line":29,"column":22},"end":{"line":29,"column":60}},"type":"binary-expr","locations":[{"start":{"line":29,"column":22},"end":{"line":29,"column":28}},{"start":{"line":29,"column":32},"end":{"line":29,"column":60}}]},"1":{"loc":{"start":{"line":66,"column":22},"end":{"line":66,"column":60}},"type":"binary-expr","locations":[{"start":{"line":66,"column":22},"end":{"line":66,"column":28}},{"start":{"line":66,"column":32},"end":{"line":66,"column":60}}]},"2":{"loc":{"start":{"line":89,"column":12},"end":{"line":89,"column":45}},"type":"binary-expr","locations":[{"start":{"line":89,"column":12},"end":{"line":89,"column":35}},{"start":{"line":89,"column":39},"end":{"line":89,"column":45}}]},"3":{"loc":{"start":{"line":91,"column":16},"end":{"line":91,"column":46}},"type":"binary-expr","locations":[{"start":{"line":91,"column":16},"end":{"line":91,"column":41}},{"start":{"line":91,"column":45},"end":{"line":91,"column":46}}]},"4":{"loc":{"start":{"line":92,"column":20},"end":{"line":98,"column":14}},"type":"cond-expr","locations":[{"start":{"line":92,"column":40},"end":{"line":98,"column":8}},{"start":{"line":98,"column":10},"end":{"line":98,"column":14}}]},"5":{"loc":{"start":{"line":95,"column":18},"end":{"line":97,"column":45}},"type":"cond-expr","locations":[{"start":{"line":96,"column":12},"end":{"line":96,"column":52}},{"start":{"line":97,"column":12},"end":{"line":97,"column":45}}]},"6":{"loc":{"start":{"line":108,"column":4},"end":{"line":110,"column":5}},"type":"if","locations":[{"start":{"line":108,"column":4},"end":{"line":110,"column":5}}]},"7":{"loc":{"start":{"line":159,"column":12},"end":{"line":159,"column":45}},"type":"binary-expr","locations":[{"start":{"line":159,"column":12},"end":{"line":159,"column":35}},{"start":{"line":159,"column":39},"end":{"line":159,"column":45}}]},"8":{"loc":{"start":{"line":161,"column":16},"end":{"line":161,"column":46}},"type":"binary-expr","locations":[{"start":{"line":161,"column":16},"end":{"line":161,"column":41}},{"start":{"line":161,"column":45},"end":{"line":161,"column":46}}]}},"s":{"0":1,"1":1,"2":1,"3":1,"4":22,"5":9,"6":11,"7":11,"8":11,"9":2,"10":0,"11":1,"12":1,"13":1,"14":2,"15":2,"16":1,"17":1,"18":1,"19":1,"20":2,"21":2,"22":2,"23":2,"24":2,"25":2,"26":1,"27":1,"28":1,"29":1,"30":1,"31":1,"32":1,"33":1,"34":1,"35":1,"36":1,"37":1,"38":1,"39":1,"40":1,"41":1},"f":{"0":22,"1":9,"2":11,"3":2,"4":0,"5":1,"6":2,"7":1,"8":2,"9":2,"10":1},"b":{"0":[11,0],"1":[1,0],"2":[1,0],"3":[1,0],"4":[1,0],"5":[0,1],"6":[1],"7":[1,0],"8":[1,1]}}
,"/home/owner/strangesignal/projects/nostrmaxi/src/auth/auth.module.ts": {"path":"/home/owner/strangesignal/projects/nostrmaxi/src/auth/auth.module.ts","statementMap":{"0":{"start":{"line":1,"column":0},"end":{"line":1,"column":40}},"1":{"start":{"line":2,"column":0},"end":{"line":2,"column":45}},"2":{"start":{"line":3,"column":0},"end":{"line":3,"column":51}},"3":{"start":{"line":4,"column":0},"end":{"line":4,"column":52}},"4":{"start":{"line":5,"column":0},"end":{"line":5,"column":55}},"5":{"start":{"line":13,"column":7},"end":{"line":13,"column":null}},"6":{"start":{"line":13,"column":13},"end":{"line":13,"column":23}},"7":{"start":{"line":13,"column":13},"end":{"line":13,"column":null}}},"fnMap":{},"branchMap":{},"s":{"0":0,"1":0,"2":0,"3":0,"4":0,"5":0,"6":0,"7":0},"f":{},"b":{}}
,"/home/owner/strangesignal/projects/nostrmaxi/src/auth/auth.service.ts": {"path":"/home/owner/strangesignal/projects/nostrmaxi/src/auth/auth.service.ts","statementMap":{"0":{"start":{"line":1,"column":0},"end":{"line":1,"column":88}},"1":{"start":{"line":2,"column":0},"end":{"line":2,"column":47}},"2":{"start":{"line":3,"column":0},"end":{"line":3,"column":57}},"3":{"start":{"line":4,"column":0},"end":{"line":4,"column":63}},"4":{"start":{"line":5,"column":0},"end":{"line":5,"column":33}},"5":{"start":{"line":25,"column":7},"end":{"line":639,"column":null}},"6":{"start":{"line":30,"column":12},"end":{"line":30,"column":20}},"7":{"start":{"line":31,"column":12},"end":{"line":31,"column":20}},"8":{"start":{"line":27,"column":19},"end":{"line":27,"column":64}},"9":{"start":{"line":33,"column":4},"end":{"line":33,"column":93}},"10":{"start":{"line":40,"column":22},"end":{"line":40,"column":60}},"11":{"start":{"line":41,"column":22},"end":{"line":41,"column":58}},"12":{"start":{"line":43,"column":4},"end":{"line":49,"column":7}},"13":{"start":{"line":52,"column":4},"end":{"line":54,"column":7}},"14":{"start":{"line":56,"column":4},"end":{"line":59,"column":6}},"15":{"start":{"line":71,"column":4},"end":{"line":73,"column":5}},"16":{"start":{"line":72,"column":6},"end":{"line":72,"column":77}},"17":{"start":{"line":76,"column":20},"end":{"line":76,"column":45}},"18":{"start":{"line":77,"column":4},"end":{"line":79,"column":5}},"19":{"start":{"line":78,"column":6},"end":{"line":78,"column":65}},"20":{"start":{"line":82,"column":25},"end":{"line":82,"column":69}},"21":{"start":{"line":82,"column":48},"end":{"line":82,"column":68}},"22":{"start":{"line":83,"column":4},"end":{"line":85,"column":5}},"23":{"start":{"line":84,"column":6},"end":{"line":84,"column":63}},"24":{"start":{"line":87,"column":22},"end":{"line":87,"column":37}},"25":{"start":{"line":90,"column":26},"end":{"line":92,"column":6}},"26":{"start":{"line":94,"column":4},"end":{"line":96,"column":5}},"27":{"start":{"line":95,"column":6},"end":{"line":95,"column":59}},"28":{"start":{"line":98,"column":4},"end":{"line":100,"column":5}},"29":{"start":{"line":99,"column":6},"end":{"line":99,"column":64}},"30":{"start":{"line":102,"column":4},"end":{"line":104,"column":5}},"31":{"start":{"line":103,"column":6},"end":{"line":103,"column":59}},"32":{"start":{"line":106,"column":4},"end":{"line":108,"column":5}},"33":{"start":{"line":107,"column":6},"end":{"line":107,"column":83}},"34":{"start":{"line":111,"column":4},"end":{"line":114,"column":7}},"35":{"start":{"line":117,"column":17},"end":{"line":117,"column":57}},"36":{"start":{"line":120,"column":25},"end":{"line":120,"column":63}},"37":{"start":{"line":121,"column":22},"end":{"line":121,"column":67}},"38":{"start":{"line":123,"column":4},"end":{"line":131,"column":7}},"39":{"start":{"line":134,"column":16},"end":{"line":134,"column":71}},"40":{"start":{"line":136,"column":4},"end":{"line":146,"column":6}},"41":{"start":{"line":153,"column":4},"end":{"line":155,"column":5}},"42":{"start":{"line":154,"column":6},"end":{"line":154,"column":68}},"43":{"start":{"line":157,"column":24},"end":{"line":157,"column":43}},"44":{"start":{"line":160,"column":4},"end":{"line":165,"column":5}},"45":{"start":{"line":161,"column":24},"end":{"line":161,"column":76}},"46":{"start":{"line":162,"column":6},"end":{"line":162,"column":36}},"47":{"start":{"line":164,"column":6},"end":{"line":164,"column":69}},"48":{"start":{"line":168,"column":4},"end":{"line":170,"column":5}},"49":{"start":{"line":169,"column":6},"end":{"line":169,"column":65}},"50":{"start":{"line":173,"column":20},"end":{"line":173,"column":45}},"51":{"start":{"line":174,"column":4},"end":{"line":176,"column":5}},"52":{"start":{"line":175,"column":6},"end":{"line":175,"column":65}},"53":{"start":{"line":179,"column":16},"end":{"line":179,"column":45}},"54":{"start":{"line":180,"column":4},"end":{"line":182,"column":5}},"55":{"start":{"line":181,"column":6},"end":{"line":181,"column":60}},"56":{"start":{"line":185,"column":19},"end":{"line":185,"column":55}},"57":{"start":{"line":185,"column":42},"end":{"line":185,"column":54}},"58":{"start":{"line":186,"column":4},"end":{"line":188,"column":5}},"59":{"start":{"line":187,"column":6},"end":{"line":187,"column":54}},"60":{"start":{"line":191,"column":22},"end":{"line":191,"column":63}},"61":{"start":{"line":191,"column":45},"end":{"line":191,"column":62}},"62":{"start":{"line":192,"column":4},"end":{"line":194,"column":5}},"63":{"start":{"line":193,"column":6},"end":{"line":193,"column":57}},"64":{"start":{"line":196,"column":4},"end":{"line":196,"column":24}},"65":{"start":{"line":203,"column":4},"end":{"line":244,"column":5}},"66":{"start":{"line":204,"column":22},"end":{"line":204,"column":43}},"67":{"start":{"line":206,"column":6},"end":{"line":208,"column":7}},"68":{"start":{"line":207,"column":8},"end":{"line":207,"column":57}},"69":{"start":{"line":211,"column":22},"end":{"line":225,"column":8}},"70":{"start":{"line":227,"column":6},"end":{"line":229,"column":7}},"71":{"start":{"line":228,"column":8},"end":{"line":228,"column":72}},"72":{"start":{"line":232,"column":6},"end":{"line":235,"column":9}},"73":{"start":{"line":237,"column":6},"end":{"line":240,"column":8}},"74":{"start":{"line":242,"column":6},"end":{"line":242,"column":62}},"75":{"start":{"line":242,"column":50},"end":{"line":242,"column":62}},"76":{"start":{"line":243,"column":6},"end":{"line":243,"column":55}},"77":{"start":{"line":251,"column":4},"end":{"line":253,"column":5}},"78":{"start":{"line":252,"column":6},"end":{"line":252,"column":65}},"79":{"start":{"line":256,"column":4},"end":{"line":260,"column":5}},"80":{"start":{"line":257,"column":20},"end":{"line":257,"column":39}},"81":{"start":{"line":258,"column":25},"end":{"line":258,"column":52}},"82":{"start":{"line":259,"column":6},"end":{"line":259,"column":20}},"83":{"start":{"line":263,"column":4},"end":{"line":265,"column":5}},"84":{"start":{"line":264,"column":6},"end":{"line":264,"column":59}},"85":{"start":{"line":267,"column":4},"end":{"line":267,"column":68}},"86":{"start":{"line":274,"column":20},"end":{"line":274,"column":41}},"87":{"start":{"line":275,"column":4},"end":{"line":279,"column":5}},"88":{"start":{"line":276,"column":6},"end":{"line":278,"column":9}},"89":{"start":{"line":286,"column":17},"end":{"line":294,"column":6}},"90":{"start":{"line":296,"column":4},"end":{"line":302,"column":14}},"91":{"start":{"line":296,"column":38},"end":{"line":302,"column":6}},"92":{"start":{"line":309,"column":20},"end":{"line":314,"column":6}},"93":{"start":{"line":316,"column":4},"end":{"line":318,"column":5}},"94":{"start":{"line":317,"column":6},"end":{"line":317,"column":57}},"95":{"start":{"line":320,"column":4},"end":{"line":320,"column":67}},"96":{"start":{"line":327,"column":15},"end":{"line":334,"column":6}},"97":{"start":{"line":336,"column":4},"end":{"line":355,"column":5}},"98":{"start":{"line":337,"column":19},"end":{"line":337,"column":43}},"99":{"start":{"line":338,"column":6},"end":{"line":354,"column":9}},"100":{"start":{"line":357,"column":4},"end":{"line":357,"column":16}},"101":{"start":{"line":366,"column":15},"end":{"line":366,"column":53}},"102":{"start":{"line":367,"column":22},"end":{"line":367,"column":58}},"103":{"start":{"line":369,"column":4},"end":{"line":375,"column":7}},"104":{"start":{"line":378,"column":20},"end":{"line":378,"column":74}},"105":{"start":{"line":379,"column":24},"end":{"line":379,"column":71}},"106":{"start":{"line":380,"column":4},"end":{"line":380,"column":49}},"107":{"start":{"line":381,"column":4},"end":{"line":381,"column":43}},"108":{"start":{"line":382,"column":4},"end":{"line":382,"column":52}},"109":{"start":{"line":385,"column":18},"end":{"line":385,"column":58}},"110":{"start":{"line":387,"column":4},"end":{"line":391,"column":6}},"111":{"start":{"line":402,"column":20},"end":{"line":404,"column":6}},"112":{"start":{"line":406,"column":4},"end":{"line":408,"column":5}},"113":{"start":{"line":407,"column":6},"end":{"line":407,"column":50}},"114":{"start":{"line":410,"column":4},"end":{"line":412,"column":5}},"115":{"start":{"line":411,"column":6},"end":{"line":411,"column":60}},"116":{"start":{"line":414,"column":4},"end":{"line":416,"column":5}},"117":{"start":{"line":415,"column":6},"end":{"line":415,"column":55}},"118":{"start":{"line":419,"column":20},"end":{"line":419,"column":59}},"119":{"start":{"line":420,"column":4},"end":{"line":422,"column":5}},"120":{"start":{"line":421,"column":6},"end":{"line":421,"column":57}},"121":{"start":{"line":425,"column":4},"end":{"line":432,"column":7}},"122":{"start":{"line":434,"column":4},"end":{"line":434,"column":28}},"123":{"start":{"line":445,"column":20},"end":{"line":447,"column":6}},"124":{"start":{"line":449,"column":4},"end":{"line":451,"column":5}},"125":{"start":{"line":450,"column":6},"end":{"line":450,"column":50}},"126":{"start":{"line":453,"column":4},"end":{"line":455,"column":5}},"127":{"start":{"line":454,"column":6},"end":{"line":454,"column":35}},"128":{"start":{"line":457,"column":4},"end":{"line":459,"column":5}},"129":{"start":{"line":458,"column":6},"end":{"line":458,"column":35}},"130":{"start":{"line":461,"column":4},"end":{"line":498,"column":5}},"131":{"start":{"line":463,"column":19},"end":{"line":463,"column":65}},"132":{"start":{"line":466,"column":6},"end":{"line":469,"column":9}},"133":{"start":{"line":472,"column":27},"end":{"line":472,"column":65}},"134":{"start":{"line":473,"column":24},"end":{"line":473,"column":69}},"135":{"start":{"line":475,"column":6},"end":{"line":483,"column":9}},"136":{"start":{"line":485,"column":18},"end":{"line":485,"column":72}},"137":{"start":{"line":487,"column":6},"end":{"line":497,"column":8}},"138":{"start":{"line":500,"column":4},"end":{"line":500,"column":38}},"139":{"start":{"line":506,"column":32},"end":{"line":511,"column":6}},"140":{"start":{"line":513,"column":19},"end":{"line":513,"column":98}},"141":{"start":{"line":514,"column":17},"end":{"line":514,"column":75}},"142":{"start":{"line":515,"column":22},"end":{"line":518,"column":26}},"143":{"start":{"line":520,"column":4},"end":{"line":520,"column":44}},"144":{"start":{"line":524,"column":4},"end":{"line":540,"column":5}},"145":{"start":{"line":525,"column":40},"end":{"line":525,"column":56}},"146":{"start":{"line":528,"column":26},"end":{"line":531,"column":28}},"147":{"start":{"line":533,"column":6},"end":{"line":535,"column":7}},"148":{"start":{"line":534,"column":8},"end":{"line":534,"column":20}},"149":{"start":{"line":537,"column":6},"end":{"line":537,"column":67}},"150":{"start":{"line":539,"column":6},"end":{"line":539,"column":18}},"151":{"start":{"line":544,"column":4},"end":{"line":544,"column":67}},"152":{"start":{"line":549,"column":18},"end":{"line":549,"column":72}},"153":{"start":{"line":550,"column":4},"end":{"line":550,"column":55}},"154":{"start":{"line":554,"column":14},"end":{"line":554,"column":15}},"155":{"start":{"line":555,"column":15},"end":{"line":555,"column":16}},"156":{"start":{"line":556,"column":26},"end":{"line":556,"column":28}},"157":{"start":{"line":557,"column":17},"end":{"line":557,"column":34}},"158":{"start":{"line":559,"column":4},"end":{"line":566,"column":5}},"159":{"start":{"line":560,"column":6},"end":{"line":560,"column":38}},"160":{"start":{"line":561,"column":6},"end":{"line":561,"column":23}},"161":{"start":{"line":562,"column":6},"end":{"line":565,"column":7}},"162":{"start":{"line":563,"column":8},"end":{"line":563,"column":23}},"163":{"start":{"line":564,"column":8},"end":{"line":564,"column":39}},"164":{"start":{"line":568,"column":4},"end":{"line":572,"column":5}},"165":{"start":{"line":569,"column":6},"end":{"line":571,"column":7}},"166":{"start":{"line":570,"column":8},"end":{"line":570,"column":50}},"167":{"start":{"line":574,"column":4},"end":{"line":574,"column":15}},"168":{"start":{"line":578,"column":20},"end":{"line":578,"column":54}},"169":{"start":{"line":579,"column":16},"end":{"line":579,"column":50}},"170":{"start":{"line":580,"column":17},"end":{"line":580,"column":29}},"171":{"start":{"line":581,"column":4},"end":{"line":583,"column":5}},"172":{"start":{"line":582,"column":6},"end":{"line":582,"column":30}},"173":{"start":{"line":584,"column":4},"end":{"line":584,"column":18}},"174":{"start":{"line":588,"column":19},"end":{"line":588,"column":59}},"175":{"start":{"line":589,"column":20},"end":{"line":589,"column":67}},"176":{"start":{"line":590,"column":29},"end":{"line":590,"column":31}},"177":{"start":{"line":591,"column":4},"end":{"line":593,"column":5}},"178":{"start":{"line":591,"column":17},"end":{"line":591,"column":18}},"179":{"start":{"line":592,"column":6},"end":{"line":592,"column":51}},"180":{"start":{"line":594,"column":4},"end":{"line":594,"column":18}},"181":{"start":{"line":598,"column":29},"end":{"line":598,"column":31}},"182":{"start":{"line":599,"column":4},"end":{"line":601,"column":5}},"183":{"start":{"line":600,"column":6},"end":{"line":600,"column":43}},"184":{"start":{"line":602,"column":4},"end":{"line":602,"column":19}},"185":{"start":{"line":603,"column":4},"end":{"line":605,"column":5}},"186":{"start":{"line":604,"column":6},"end":{"line":604,"column":43}},"187":{"start":{"line":606,"column":4},"end":{"line":606,"column":18}},"188":{"start":{"line":610,"column":16},"end":{"line":610,"column":76}},"189":{"start":{"line":611,"column":14},"end":{"line":611,"column":15}},"190":{"start":{"line":612,"column":4},"end":{"line":620,"column":5}},"191":{"start":{"line":613,"column":18},"end":{"line":613,"column":27}},"192":{"start":{"line":614,"column":6},"end":{"line":614,"column":45}},"193":{"start":{"line":615,"column":6},"end":{"line":619,"column":7}},"194":{"start":{"line":615,"column":19},"end":{"line":615,"column":20}},"195":{"start":{"line":616,"column":8},"end":{"line":618,"column":9}},"196":{"start":{"line":617,"column":10},"end":{"line":617,"column":24}},"197":{"start":{"line":621,"column":4},"end":{"line":621,"column":15}},"198":{"start":{"line":625,"column":4},"end":{"line":637,"column":5}},"199":{"start":{"line":629,"column":26},"end":{"line":629,"column":60}},"200":{"start":{"line":630,"column":22},"end":{"line":630,"column":44}},"201":{"start":{"line":631,"column":24},"end":{"line":631,"column":47}},"202":{"start":{"line":632,"column":21},"end":{"line":632,"column":44}},"203":{"start":{"line":634,"column":6},"end":{"line":634,"column":56}},"204":{"start":{"line":636,"column":6},"end":{"line":636,"column":19}},"205":{"start":{"line":25,"column":13},"end":{"line":25,"column":24}},"206":{"start":{"line":25,"column":13},"end":{"line":639,"column":null}}},"fnMap":{"0":{"name":"(anonymous_11)","decl":{"start":{"line":29,"column":2},"end":{"line":29,"column":null}},"loc":{"start":{"line":31,"column":33},"end":{"line":34,"column":3}}},"1":{"name":"(anonymous_12)","decl":{"start":{"line":39,"column":2},"end":{"line":39,"column":7}},"loc":{"start":{"line":39,"column":41},"end":{"line":60,"column":3}}},"2":{"name":"(anonymous_13)","decl":{"start":{"line":65,"column":2},"end":{"line":65,"column":7}},"loc":{"start":{"line":68,"column":22},"end":{"line":147,"column":3}}},"3":{"name":"(anonymous_14)","decl":{"start":{"line":82,"column":41},"end":{"line":82,"column":42}},"loc":{"start":{"line":82,"column":48},"end":{"line":82,"column":68}}},"4":{"name":"(anonymous_15)","decl":{"start":{"line":152,"column":2},"end":{"line":152,"column":7}},"loc":{"start":{"line":152,"column":71},"end":{"line":197,"column":3}}},"5":{"name":"(anonymous_16)","decl":{"start":{"line":185,"column":35},"end":{"line":185,"column":36}},"loc":{"start":{"line":185,"column":42},"end":{"line":185,"column":54}}},"6":{"name":"(anonymous_17)","decl":{"start":{"line":191,"column":38},"end":{"line":191,"column":39}},"loc":{"start":{"line":191,"column":45},"end":{"line":191,"column":62}}},"7":{"name":"(anonymous_18)","decl":{"start":{"line":202,"column":2},"end":{"line":202,"column":7}},"loc":{"start":{"line":202,"column":31},"end":{"line":245,"column":3}}},"8":{"name":"(anonymous_19)","decl":{"start":{"line":250,"column":2},"end":{"line":250,"column":7}},"loc":{"start":{"line":250,"column":66},"end":{"line":268,"column":3}}},"9":{"name":"(anonymous_20)","decl":{"start":{"line":273,"column":2},"end":{"line":273,"column":7}},"loc":{"start":{"line":273,"column":28},"end":{"line":280,"column":3}}},"10":{"name":"(anonymous_21)","decl":{"start":{"line":285,"column":2},"end":{"line":285,"column":7}},"loc":{"start":{"line":285,"column":38},"end":{"line":303,"column":3}}},"11":{"name":"(anonymous_22)","decl":{"start":{"line":296,"column":30},"end":{"line":296,"column":31}},"loc":{"start":{"line":296,"column":38},"end":{"line":302,"column":6}}},"12":{"name":"(anonymous_23)","decl":{"start":{"line":308,"column":2},"end":{"line":308,"column":7}},"loc":{"start":{"line":308,"column":55},"end":{"line":321,"column":3}}},"13":{"name":"(anonymous_24)","decl":{"start":{"line":326,"column":2},"end":{"line":326,"column":7}},"loc":{"start":{"line":326,"column":38},"end":{"line":358,"column":3}}},"14":{"name":"(anonymous_25)","decl":{"start":{"line":365,"column":2},"end":{"line":365,"column":7}},"loc":{"start":{"line":365,"column":25},"end":{"line":392,"column":3}}},"15":{"name":"(anonymous_26)","decl":{"start":{"line":397,"column":2},"end":{"line":397,"column":7}},"loc":{"start":{"line":400,"column":15},"end":{"line":435,"column":3}}},"16":{"name":"(anonymous_27)","decl":{"start":{"line":440,"column":2},"end":{"line":440,"column":7}},"loc":{"start":{"line":443,"column":22},"end":{"line":501,"column":3}}},"17":{"name":"(anonymous_28)","decl":{"start":{"line":505,"column":10},"end":{"line":505,"column":21}},"loc":{"start":{"line":505,"column":72},"end":{"line":521,"column":3}}},"18":{"name":"(anonymous_29)","decl":{"start":{"line":523,"column":10},"end":{"line":523,"column":19}},"loc":{"start":{"line":523,"column":33},"end":{"line":541,"column":3}}},"19":{"name":"(anonymous_30)","decl":{"start":{"line":543,"column":10},"end":{"line":543,"column":19}},"loc":{"start":{"line":543,"column":33},"end":{"line":545,"column":3}}},"20":{"name":"(anonymous_31)","decl":{"start":{"line":547,"column":10},"end":{"line":547,"column":21}},"loc":{"start":{"line":547,"column":33},"end":{"line":551,"column":3}}},"21":{"name":"(anonymous_32)","decl":{"start":{"line":553,"column":10},"end":{"line":553,"column":21}},"loc":{"start":{"line":553,"column":82},"end":{"line":575,"column":3}}},"22":{"name":"(anonymous_33)","decl":{"start":{"line":577,"column":10},"end":{"line":577,"column":22}},"loc":{"start":{"line":577,"column":54},"end":{"line":585,"column":3}}},"23":{"name":"(anonymous_34)","decl":{"start":{"line":587,"column":10},"end":{"line":587,"column":24}},"loc":{"start":{"line":587,"column":56},"end":{"line":595,"column":3}}},"24":{"name":"(anonymous_35)","decl":{"start":{"line":597,"column":10},"end":{"line":597,"column":22}},"loc":{"start":{"line":597,"column":37},"end":{"line":607,"column":3}}},"25":{"name":"(anonymous_36)","decl":{"start":{"line":609,"column":10},"end":{"line":609,"column":17}},"loc":{"start":{"line":609,"column":34},"end":{"line":622,"column":3}}},"26":{"name":"(anonymous_37)","decl":{"start":{"line":624,"column":10},"end":{"line":624,"column":30}},"loc":{"start":{"line":624,"column":67},"end":{"line":638,"column":3}}}},"branchMap":{"0":{"loc":{"start":{"line":33,"column":21},"end":{"line":33,"column":92}},"type":"binary-expr","locations":[{"start":{"line":33,"column":21},"end":{"line":33,"column":50}},{"start":{"line":33,"column":54},"end":{"line":33,"column":92}}]},"1":{"loc":{"start":{"line":71,"column":4},"end":{"line":73,"column":5}},"type":"if","locations":[{"start":{"line":71,"column":4},"end":{"line":73,"column":5}}]},"2":{"loc":{"start":{"line":77,"column":4},"end":{"line":79,"column":5}},"type":"if","locations":[{"start":{"line":77,"column":4},"end":{"line":79,"column":5}}]},"3":{"loc":{"start":{"line":83,"column":4},"end":{"line":85,"column":5}},"type":"if","locations":[{"start":{"line":83,"column":4},"end":{"line":85,"column":5}}]},"4":{"loc":{"start":{"line":83,"column":8},"end":{"line":83,"column":41}},"type":"binary-expr","locations":[{"start":{"line":83,"column":8},"end":{"line":83,"column":21}},{"start":{"line":83,"column":25},"end":{"line":83,"column":41}}]},"5":{"loc":{"start":{"line":94,"column":4},"end":{"line":96,"column":5}},"type":"if","locations":[{"start":{"line":94,"column":4},"end":{"line":96,"column":5}}]},"6":{"loc":{"start":{"line":98,"column":4},"end":{"line":100,"column":5}},"type":"if","locations":[{"start":{"line":98,"column":4},"end":{"line":100,"column":5}}]},"7":{"loc":{"start":{"line":102,"column":4},"end":{"line":104,"column":5}},"type":"if","locations":[{"start":{"line":102,"column":4},"end":{"line":104,"column":5}}]},"8":{"loc":{"start":{"line":106,"column":4},"end":{"line":108,"column":5}},"type":"if","locations":[{"start":{"line":106,"column":4},"end":{"line":108,"column":5}}]},"9":{"loc":{"start":{"line":106,"column":8},"end":{"line":106,"column":69}},"type":"binary-expr","locations":[{"start":{"line":106,"column":8},"end":{"line":106,"column":28}},{"start":{"line":106,"column":32},"end":{"line":106,"column":69}}]},"10":{"loc":{"start":{"line":141,"column":14},"end":{"line":141,"column":47}},"type":"binary-expr","locations":[{"start":{"line":141,"column":14},"end":{"line":141,"column":37}},{"start":{"line":141,"column":41},"end":{"line":141,"column":47}}]},"11":{"loc":{"start":{"line":143,"column":18},"end":{"line":143,"column":48}},"type":"binary-expr","locations":[{"start":{"line":143,"column":18},"end":{"line":143,"column":43}},{"start":{"line":143,"column":47},"end":{"line":143,"column":48}}]},"12":{"loc":{"start":{"line":153,"column":4},"end":{"line":155,"column":5}},"type":"if","locations":[{"start":{"line":153,"column":4},"end":{"line":155,"column":5}}]},"13":{"loc":{"start":{"line":168,"column":4},"end":{"line":170,"column":5}},"type":"if","locations":[{"start":{"line":168,"column":4},"end":{"line":170,"column":5}}]},"14":{"loc":{"start":{"line":174,"column":4},"end":{"line":176,"column":5}},"type":"if","locations":[{"start":{"line":174,"column":4},"end":{"line":176,"column":5}}]},"15":{"loc":{"start":{"line":180,"column":4},"end":{"line":182,"column":5}},"type":"if","locations":[{"start":{"line":180,"column":4},"end":{"line":182,"column":5}}]},"16":{"loc":{"start":{"line":186,"column":4},"end":{"line":188,"column":5}},"type":"if","locations":[{"start":{"line":186,"column":4},"end":{"line":188,"column":5}}]},"17":{"loc":{"start":{"line":186,"column":8},"end":{"line":186,"column":61}},"type":"binary-expr","locations":[{"start":{"line":186,"column":8},"end":{"line":186,"column":15}},{"start":{"line":186,"column":19},"end":{"line":186,"column":61}}]},"18":{"loc":{"start":{"line":192,"column":4},"end":{"line":194,"column":5}},"type":"if","locations":[{"start":{"line":192,"column":4},"end":{"line":194,"column":5}}]},"19":{"loc":{"start":{"line":192,"column":8},"end":{"line":192,"column":73}},"type":"binary-expr","locations":[{"start":{"line":192,"column":8},"end":{"line":192,"column":18}},{"start":{"line":192,"column":22},"end":{"line":192,"column":73}}]},"20":{"loc":{"start":{"line":206,"column":6},"end":{"line":208,"column":7}},"type":"if","locations":[{"start":{"line":206,"column":6},"end":{"line":208,"column":7}}]},"21":{"loc":{"start":{"line":206,"column":10},"end":{"line":206,"column":65}},"type":"binary-expr","locations":[{"start":{"line":206,"column":10},"end":{"line":206,"column":18}},{"start":{"line":206,"column":22},"end":{"line":206,"column":65}}]},"22":{"loc":{"start":{"line":227,"column":6},"end":{"line":229,"column":7}},"type":"if","locations":[{"start":{"line":227,"column":6},"end":{"line":229,"column":7}}]},"23":{"loc":{"start":{"line":242,"column":6},"end":{"line":242,"column":62}},"type":"if","locations":[{"start":{"line":242,"column":6},"end":{"line":242,"column":62}}]},"24":{"loc":{"start":{"line":251,"column":4},"end":{"line":253,"column":5}},"type":"if","locations":[{"start":{"line":251,"column":4},"end":{"line":253,"column":5}}]},"25":{"loc":{"start":{"line":256,"column":4},"end":{"line":260,"column":5}},"type":"if","locations":[{"start":{"line":256,"column":4},"end":{"line":260,"column":5}}]},"26":{"loc":{"start":{"line":263,"column":4},"end":{"line":265,"column":5}},"type":"if","locations":[{"start":{"line":263,"column":4},"end":{"line":265,"column":5}}]},"27":{"loc":{"start":{"line":275,"column":4},"end":{"line":279,"column":5}},"type":"if","locations":[{"start":{"line":275,"column":4},"end":{"line":279,"column":5}}]},"28":{"loc":{"start":{"line":296,"column":11},"end":{"line":302,"column":13}},"type":"binary-expr","locations":[{"start":{"line":296,"column":11},"end":{"line":302,"column":7}},{"start":{"line":302,"column":11},"end":{"line":302,"column":13}}]},"29":{"loc":{"start":{"line":316,"column":4},"end":{"line":318,"column":5}},"type":"if","locations":[{"start":{"line":316,"column":4},"end":{"line":318,"column":5}}]},"30":{"loc":{"start":{"line":336,"column":4},"end":{"line":355,"column":5}},"type":"if","locations":[{"start":{"line":336,"column":4},"end":{"line":355,"column":5}}]},"31":{"loc":{"start":{"line":378,"column":20},"end":{"line":378,"column":74}},"type":"binary-expr","locations":[{"start":{"line":378,"column":20},"end":{"line":378,"column":47}},{"start":{"line":378,"column":51},"end":{"line":378,"column":74}}]},"32":{"loc":{"start":{"line":406,"column":4},"end":{"line":408,"column":5}},"type":"if","locations":[{"start":{"line":406,"column":4},"end":{"line":408,"column":5}}]},"33":{"loc":{"start":{"line":410,"column":4},"end":{"line":412,"column":5}},"type":"if","locations":[{"start":{"line":410,"column":4},"end":{"line":412,"column":5}}]},"34":{"loc":{"start":{"line":414,"column":4},"end":{"line":416,"column":5}},"type":"if","locations":[{"start":{"line":414,"column":4},"end":{"line":416,"column":5}}]},"35":{"loc":{"start":{"line":420,"column":4},"end":{"line":422,"column":5}},"type":"if","locations":[{"start":{"line":420,"column":4},"end":{"line":422,"column":5}}]},"36":{"loc":{"start":{"line":449,"column":4},"end":{"line":451,"column":5}},"type":"if","locations":[{"start":{"line":449,"column":4},"end":{"line":451,"column":5}}]},"37":{"loc":{"start":{"line":453,"column":4},"end":{"line":455,"column":5}},"type":"if","locations":[{"start":{"line":453,"column":4},"end":{"line":455,"column":5}}]},"38":{"loc":{"start":{"line":457,"column":4},"end":{"line":459,"column":5}},"type":"if","locations":[{"start":{"line":457,"column":4},"end":{"line":459,"column":5}}]},"39":{"loc":{"start":{"line":461,"column":4},"end":{"line":498,"column":5}},"type":"if","locations":[{"start":{"line":461,"column":4},"end":{"line":498,"column":5}}]},"40":{"loc":{"start":{"line":461,"column":8},"end":{"line":461,"column":59}},"type":"binary-expr","locations":[{"start":{"line":461,"column":8},"end":{"line":461,"column":37}},{"start":{"line":461,"column":41},"end":{"line":461,"column":59}}]},"41":{"loc":{"start":{"line":493,"column":16},"end":{"line":493,"column":49}},"type":"binary-expr","locations":[{"start":{"line":493,"column":16},"end":{"line":493,"column":39}},{"start":{"line":493,"column":43},"end":{"line":493,"column":49}}]},"42":{"loc":{"start":{"line":533,"column":6},"end":{"line":535,"column":7}},"type":"if","locations":[{"start":{"line":533,"column":6},"end":{"line":535,"column":7}}]},"43":{"loc":{"start":{"line":568,"column":4},"end":{"line":572,"column":5}},"type":"if","locations":[{"start":{"line":568,"column":4},"end":{"line":572,"column":5}}]},"44":{"loc":{"start":{"line":569,"column":6},"end":{"line":571,"column":7}},"type":"if","locations":[{"start":{"line":569,"column":6},"end":{"line":571,"column":7}}]},"45":{"loc":{"start":{"line":616,"column":8},"end":{"line":618,"column":9}},"type":"if","locations":[{"start":{"line":616,"column":8},"end":{"line":618,"column":9}}]}},"s":{"0":3,"1":3,"2":3,"3":3,"4":3,"5":3,"6":54,"7":54,"8":54,"9":54,"10":9,"11":9,"12":9,"13":9,"14":9,"15":11,"16":1,"17":10,"18":10,"19":0,"20":10,"21":10,"22":10,"23":0,"24":10,"25":10,"26":10,"27":0,"28":10,"29":1,"30":9,"31":1,"32":8,"33":0,"34":8,"35":8,"36":8,"37":8,"38":8,"39":8,"40":8,"41":21,"42":1,"43":20,"44":20,"45":20,"46":20,"47":0,"48":20,"49":0,"50":20,"51":20,"52":0,"53":20,"54":20,"55":1,"56":19,"57":19,"58":19,"59":1,"60":18,"61":36,"62":18,"63":1,"64":17,"65":8,"66":8,"67":8,"68":2,"69":6,"70":6,"71":0,"72":6,"73":6,"74":2,"75":2,"76":0,"77":22,"78":1,"79":21,"80":5,"81":5,"82":5,"83":16,"84":16,"85":0,"86":1,"87":1,"88":1,"89":2,"90":2,"91":2,"92":2,"93":2,"94":1,"95":1,"96":10,"97":10,"98":9,"99":9,"100":10,"101":2,"102":2,"103":2,"104":2,"105":2,"106":2,"107":2,"108":2,"109":2,"110":2,"111":0,"112":0,"113":0,"114":0,"115":0,"116":0,"117":0,"118":0,"119":0,"120":0,"121":0,"122":0,"123":1,"124":1,"125":0,"126":1,"127":0,"128":1,"129":1,"130":0,"131":0,"132":0,"133":0,"134":0,"135":0,"136":0,"137":0,"138":0,"139":8,"140":8,"141":8,"142":8,"143":8,"144":9,"145":9,"146":9,"147":9,"148":1,"149":8,"150":0,"151":15,"152":2,"153":2,"154":2,"155":2,"156":2,"157":2,"158":2,"159":278,"160":278,"161":278,"162":444,"163":444,"164":2,"165":2,"166":2,"167":2,"168":2,"169":2,"170":2,"171":2,"172":458,"173":2,"174":2,"175":2,"176":2,"177":2,"178":2,"179":12,"180":2,"181":2,"182":2,"183":10,"184":2,"185":2,"186":10,"187":2,"188":2,"189":2,"190":2,"191":480,"192":480,"193":480,"194":480,"195":2400,"196":1122,"197":2,"198":0,"199":0,"200":0,"201":0,"202":0,"203":0,"204":0,"205":3,"206":3},"f":{"0":54,"1":9,"2":11,"3":10,"4":21,"5":19,"6":36,"7":8,"8":22,"9":1,"10":2,"11":2,"12":2,"13":10,"14":2,"15":0,"16":1,"17":8,"18":9,"19":15,"20":2,"21":2,"22":2,"23":2,"24":2,"25":2,"26":0},"b":{"0":[54,0],"1":[1],"2":[0],"3":[0],"4":[10,10],"5":[0],"6":[1],"7":[1],"8":[0],"9":[8,0],"10":[8,0],"11":[8,8],"12":[1],"13":[0],"14":[0],"15":[1],"16":[1],"17":[19,19],"18":[1],"19":[18,18],"20":[2],"21":[8,7],"22":[0],"23":[2],"24":[1],"25":[5],"26":[16],"27":[1],"28":[2,0],"29":[1],"30":[9],"31":[2,0],"32":[0],"33":[0],"34":[0],"35":[0],"36":[0],"37":[0],"38":[1],"39":[0],"40":[0,0],"41":[0,0],"42":[1],"43":[2],"44":[2],"45":[1122]}}
,"/home/owner/strangesignal/projects/nostrmaxi/src/auth/nostr-auth.guard.ts": {"path":"/home/owner/strangesignal/projects/nostrmaxi/src/auth/nostr-auth.guard.ts","statementMap":{"0":{"start":{"line":1,"column":0},"end":{"line":1,"column":98}},"1":{"start":{"line":2,"column":0},"end":{"line":2,"column":45}},"2":{"start":{"line":6,"column":7},"end":{"line":32,"column":null}},"3":{"start":{"line":7,"column":22},"end":{"line":7,"column":35}},"4":{"start":{"line":10,"column":20},"end":{"line":10,"column":64}},"5":{"start":{"line":11,"column":23},"end":{"line":11,"column":52}},"6":{"start":{"line":13,"column":4},"end":{"line":15,"column":5}},"7":{"start":{"line":14,"column":6},"end":{"line":14,"column":65}},"8":{"start":{"line":17,"column":4},"end":{"line":30,"column":5}},"9":{"start":{"line":18,"column":18},"end":{"line":18,"column":86}},"10":{"start":{"line":19,"column":21},"end":{"line":22,"column":null}},"11":{"start":{"line":26,"column":7},"end":{"line":26,"column":39}},"12":{"start":{"line":27,"column":6},"end":{"line":27,"column":18}},"13":{"start":{"line":29,"column":6},"end":{"line":29,"column":53}},"14":{"start":{"line":6,"column":13},"end":{"line":6,"column":27}},"15":{"start":{"line":6,"column":13},"end":{"line":32,"column":null}}},"fnMap":{"0":{"name":"(anonymous_2)","decl":{"start":{"line":7,"column":2},"end":{"line":7,"column":22}},"loc":{"start":{"line":7,"column":46},"end":{"line":7,"column":50}}},"1":{"name":"(anonymous_3)","decl":{"start":{"line":9,"column":2},"end":{"line":9,"column":7}},"loc":{"start":{"line":9,"column":45},"end":{"line":31,"column":3}}}},"branchMap":{"0":{"loc":{"start":{"line":13,"column":4},"end":{"line":15,"column":5}},"type":"if","locations":[{"start":{"line":13,"column":4},"end":{"line":15,"column":5}}]}},"s":{"0":0,"1":0,"2":0,"3":0,"4":0,"5":0,"6":0,"7":0,"8":0,"9":0,"10":0,"11":0,"12":0,"13":0,"14":0,"15":0},"f":{"0":0,"1":0},"b":{"0":[0]}}
,"/home/owner/strangesignal/projects/nostrmaxi/src/common/guards/rate-limit.guard.ts": {"path":"/home/owner/strangesignal/projects/nostrmaxi/src/common/guards/rate-limit.guard.ts","statementMap":{"0":{"start":{"line":1,"column":0},"end":{"line":1,"column":102}},"1":{"start":{"line":2,"column":0},"end":{"line":2,"column":41}},"2":{"start":{"line":11,"column":7},"end":{"line":67,"column":null}},"3":{"start":{"line":16,"column":22},"end":{"line":16,"column":33}},"4":{"start":{"line":12,"column":19},"end":{"line":12,"column":61}},"5":{"start":{"line":13,"column":19},"end":{"line":13,"column":80}},"6":{"start":{"line":14,"column":19},"end":{"line":14,"column":77}},"7":{"start":{"line":18,"column":4},"end":{"line":18,"column":45}},"8":{"start":{"line":18,"column":22},"end":{"line":18,"column":36}},"9":{"start":{"line":22,"column":20},"end":{"line":22,"column":55}},"10":{"start":{"line":23,"column":16},"end":{"line":23,"column":36}},"11":{"start":{"line":25,"column":16},"end":{"line":25,"column":26}},"12":{"start":{"line":26,"column":18},"end":{"line":26,"column":37}},"13":{"start":{"line":28,"column":4},"end":{"line":35,"column":5}},"14":{"start":{"line":30,"column":6},"end":{"line":33,"column":9}},"15":{"start":{"line":34,"column":6},"end":{"line":34,"column":18}},"16":{"start":{"line":37,"column":4},"end":{"line":46,"column":5}},"17":{"start":{"line":38,"column":6},"end":{"line":45,"column":8}},"18":{"start":{"line":48,"column":4},"end":{"line":48,"column":18}},"19":{"start":{"line":49,"column":4},"end":{"line":49,"column":16}},"20":{"start":{"line":54,"column":15},"end":{"line":54,"column":61}},"21":{"start":{"line":55,"column":17},"end":{"line":55,"column":51}},"22":{"start":{"line":56,"column":4},"end":{"line":56,"column":27}},"23":{"start":{"line":60,"column":16},"end":{"line":60,"column":26}},"24":{"start":{"line":61,"column":4},"end":{"line":65,"column":5}},"25":{"start":{"line":62,"column":6},"end":{"line":64,"column":7}},"26":{"start":{"line":63,"column":8},"end":{"line":63,"column":31}},"27":{"start":{"line":11,"column":13},"end":{"line":11,"column":27}},"28":{"start":{"line":11,"column":13},"end":{"line":67,"column":null}}},"fnMap":{"0":{"name":"(anonymous_2)","decl":{"start":{"line":16,"column":2},"end":{"line":16,"column":22}},"loc":{"start":{"line":16,"column":42},"end":{"line":19,"column":3}}},"1":{"name":"(anonymous_3)","decl":{"start":{"line":18,"column":16},"end":{"line":18,"column":19}},"loc":{"start":{"line":18,"column":22},"end":{"line":18,"column":36}}},"2":{"name":"(anonymous_4)","decl":{"start":{"line":21,"column":2},"end":{"line":21,"column":13}},"loc":{"start":{"line":21,"column":39},"end":{"line":50,"column":3}}},"3":{"name":"(anonymous_5)","decl":{"start":{"line":52,"column":10},"end":{"line":52,"column":16}},"loc":{"start":{"line":52,"column":29},"end":{"line":57,"column":3}}},"4":{"name":"(anonymous_6)","decl":{"start":{"line":59,"column":10},"end":{"line":59,"column":17}},"loc":{"start":{"line":59,"column":17},"end":{"line":66,"column":3}}}},"branchMap":{"0":{"loc":{"start":{"line":13,"column":43},"end":{"line":13,"column":78}},"type":"binary-expr","locations":[{"start":{"line":13,"column":43},"end":{"line":13,"column":69}},{"start":{"line":13,"column":73},"end":{"line":13,"column":78}}]},"1":{"loc":{"start":{"line":14,"column":41},"end":{"line":14,"column":75}},"type":"binary-expr","locations":[{"start":{"line":14,"column":41},"end":{"line":14,"column":67}},{"start":{"line":14,"column":71},"end":{"line":14,"column":75}}]},"2":{"loc":{"start":{"line":28,"column":4},"end":{"line":35,"column":5}},"type":"if","locations":[{"start":{"line":28,"column":4},"end":{"line":35,"column":5}}]},"3":{"loc":{"start":{"line":28,"column":8},"end":{"line":28,"column":37}},"type":"binary-expr","locations":[{"start":{"line":28,"column":8},"end":{"line":28,"column":14}},{"start":{"line":28,"column":18},"end":{"line":28,"column":37}}]},"4":{"loc":{"start":{"line":37,"column":4},"end":{"line":46,"column":5}},"type":"if","locations":[{"start":{"line":37,"column":4},"end":{"line":46,"column":5}}]},"5":{"loc":{"start":{"line":54,"column":15},"end":{"line":54,"column":61}},"type":"binary-expr","locations":[{"start":{"line":54,"column":15},"end":{"line":54,"column":25}},{"start":{"line":54,"column":29},"end":{"line":54,"column":61}}]},"6":{"loc":{"start":{"line":55,"column":17},"end":{"line":55,"column":51}},"type":"binary-expr","locations":[{"start":{"line":55,"column":17},"end":{"line":55,"column":36}},{"start":{"line":55,"column":40},"end":{"line":55,"column":51}}]},"7":{"loc":{"start":{"line":62,"column":6},"end":{"line":64,"column":7}},"type":"if","locations":[{"start":{"line":62,"column":6},"end":{"line":64,"column":7}}]}},"s":{"0":1,"1":1,"2":1,"3":20,"4":20,"5":20,"6":20,"7":20,"8":0,"9":199,"10":199,"11":199,"12":199,"13":199,"14":23,"15":23,"16":176,"17":19,"18":157,"19":157,"20":199,"21":199,"22":199,"23":1,"24":1,"25":1,"26":1,"27":1,"28":1},"f":{"0":20,"1":0,"2":199,"3":199,"4":1},"b":{"0":[20,1],"1":[20,1],"2":[23],"3":[199,178],"4":[19],"5":[199,1],"6":[199,1],"7":[1]}}
,"/home/owner/strangesignal/projects/nostrmaxi/src/common/middleware/security.middleware.ts": {"path":"/home/owner/strangesignal/projects/nostrmaxi/src/common/middleware/security.middleware.ts","statementMap":{"0":{"start":{"line":1,"column":0},"end":{"line":1,"column":60}},"1":{"start":{"line":5,"column":7},"end":{"line":26,"column":null}},"2":{"start":{"line":8,"column":4},"end":{"line":8,"column":37}},"3":{"start":{"line":11,"column":4},"end":{"line":11,"column":55}},"4":{"start":{"line":12,"column":4},"end":{"line":12,"column":51}},"5":{"start":{"line":13,"column":4},"end":{"line":13,"column":55}},"6":{"start":{"line":14,"column":4},"end":{"line":14,"column":72}},"7":{"start":{"line":17,"column":4},"end":{"line":22,"column":5}},"8":{"start":{"line":18,"column":6},"end":{"line":21,"column":8}},"9":{"start":{"line":24,"column":4},"end":{"line":24,"column":11}},"10":{"start":{"line":5,"column":13},"end":{"line":5,"column":31}},"11":{"start":{"line":5,"column":13},"end":{"line":26,"column":null}},"12":{"start":{"line":29,"column":7},"end":{"line":48,"column":null}},"13":{"start":{"line":31,"column":18},"end":{"line":31,"column":28}},"14":{"start":{"line":33,"column":4},"end":{"line":44,"column":7}},"15":{"start":{"line":34,"column":23},"end":{"line":34,"column":41}},"16":{"start":{"line":35,"column":38},"end":{"line":35,"column":41}},"17":{"start":{"line":36,"column":29},"end":{"line":36,"column":32}},"18":{"start":{"line":39,"column":6},"end":{"line":43,"column":7}},"19":{"start":{"line":40,"column":8},"end":{"line":42,"column":10}},"20":{"start":{"line":46,"column":4},"end":{"line":46,"column":11}},"21":{"start":{"line":29,"column":13},"end":{"line":29,"column":37}},"22":{"start":{"line":29,"column":13},"end":{"line":48,"column":null}}},"fnMap":{"0":{"name":"(anonymous_1)","decl":{"start":{"line":6,"column":2},"end":{"line":6,"column":5}},"loc":{"start":{"line":6,"column":53},"end":{"line":25,"column":3}}},"1":{"name":"(anonymous_2)","decl":{"start":{"line":30,"column":2},"end":{"line":30,"column":5}},"loc":{"start":{"line":30,"column":53},"end":{"line":47,"column":3}}},"2":{"name":"(anonymous_3)","decl":{"start":{"line":33,"column":21},"end":{"line":33,"column":24}},"loc":{"start":{"line":33,"column":26},"end":{"line":44,"column":5}}}},"branchMap":{"0":{"loc":{"start":{"line":17,"column":4},"end":{"line":22,"column":5}},"type":"if","locations":[{"start":{"line":17,"column":4},"end":{"line":22,"column":5}}]},"1":{"loc":{"start":{"line":17,"column":8},"end":{"line":17,"column":66}},"type":"binary-expr","locations":[{"start":{"line":17,"column":8},"end":{"line":17,"column":18}},{"start":{"line":17,"column":22},"end":{"line":17,"column":66}}]},"2":{"loc":{"start":{"line":39,"column":6},"end":{"line":43,"column":7}},"type":"if","locations":[{"start":{"line":39,"column":6},"end":{"line":43,"column":7}}]},"3":{"loc":{"start":{"line":39,"column":10},"end":{"line":39,"column":46}},"type":"binary-expr","locations":[{"start":{"line":39,"column":10},"end":{"line":39,"column":27}},{"start":{"line":39,"column":31},"end":{"line":39,"column":46}}]}},"s":{"0":0,"1":0,"2":0,"3":0,"4":0,"5":0,"6":0,"7":0,"8":0,"9":0,"10":0,"11":0,"12":0,"13":0,"14":0,"15":0,"16":0,"17":0,"18":0,"19":0,"20":0,"21":0,"22":0},"f":{"0":0,"1":0,"2":0},"b":{"0":[0],"1":[0,0],"2":[0],"3":[0,0]}}
[...]
}},"62":{"start":{"line":6,"column":13},"end":{"line":279,"column":null}}},"fnMap":{"0":{"name":"(anonymous_2)","decl":{"start":{"line":7,"column":2},"end":{"line":7,"column":null}},"loc":{"start":{"line":9,"column":44},"end":{"line":10,"column":6}}},"1":{"name":"(anonymous_3)","decl":{"start":{"line":15,"column":2},"end":{"line":15,"column":10}},"loc":{"start":{"line":15,"column":10},"end":{"line":17,"column":3}}},"2":{"name":"(anonymous_4)","decl":{"start":{"line":22,"column":2},"end":{"line":22,"column":9}},"loc":{"start":{"line":22,"column":32},"end":{"line":24,"column":3}}},"3":{"name":"(anonymous_5)","decl":{"start":{"line":29,"column":2},"end":{"line":29,"column":7}},"loc":{"start":{"line":29,"column":45},"end":{"line":86,"column":3}}},"4":{"name":"(anonymous_6)","decl":{"start":{"line":53,"column":42},"end":{"line":53,"column":43}},"loc":{"start":{"line":53,"column":49},"end":{"line":53,"column":59}}},"5":{"name":"(anonymous_7)","decl":{"start":{"line":79,"column":54},"end":{"line":79,"column":55}},"loc":{"start":{"line":79,"column":62},"end":{"line":84,"column":8}}},"6":{"name":"(anonymous_8)","decl":{"start":{"line":91,"column":2},"end":{"line":91,"column":7}},"loc":{"start":{"line":91,"column":79},"end":{"line":94,"column":3}}},"7":{"name":"(anonymous_9)","decl":{"start":{"line":99,"column":2},"end":{"line":99,"column":7}},"loc":{"start":{"line":99,"column":32},"end":{"line":138,"column":3}}},"8":{"name":"(anonymous_10)","decl":{"start":{"line":143,"column":2},"end":{"line":143,"column":7}},"loc":{"start":{"line":143,"column":29},"end":{"line":178,"column":3}}},"9":{"name":"(anonymous_11)","decl":{"start":{"line":183,"column":2},"end":{"line":183,"column":7}},"loc":{"start":{"line":183,"column":33},"end":{"line":221,"column":3}}},"10":{"name":"(anonymous_12)","decl":{"start":{"line":226,"column":2},"end":{"line":226,"column":7}},"loc":{"start":{"line":226,"column":35},"end":{"line":278,"column":3}}},"11":{"name":"(anonymous_13)","decl":{"start":{"line":261,"column":48},"end":{"line":261,"column":49}},"loc":{"start":{"line":261,"column":55},"end":{"line":261,"column":59}}}},"branchMap":{"0":{"loc":{"start":{"line":47,"column":4},"end":{"line":49,"column":5}},"type":"if","locations":[{"start":{"line":47,"column":4},"end":{"line":49,"column":5}}]},"1":{"loc":{"start":{"line":51,"column":18},"end":{"line":51,"column":51}},"type":"binary-expr","locations":[{"start":{"line":51,"column":18},"end":{"line":51,"column":41}},{"start":{"line":51,"column":45},"end":{"line":51,"column":51}}]},"2":{"loc":{"start":{"line":56,"column":21},"end":{"line":58,"column":23}},"type":"cond-expr","locations":[{"start":{"line":57,"column":8},"end":{"line":57,"column":41}},{"start":{"line":58,"column":8},"end":{"line":58,"column":23}}]},"3":{"loc":{"start":{"line":62,"column":4},"end":{"line":66,"column":5}},"type":"if","locations":[{"start":{"line":62,"column":4},"end":{"line":66,"column":5}}]},"4":{"loc":{"start":{"line":62,"column":8},"end":{"line":62,"column":73}},"type":"binary-expr","locations":[{"start":{"line":62,"column":8},"end":{"line":62,"column":36}},{"start":{"line":62,"column":40},"end":{"line":62,"column":73}}]},"5":{"loc":{"start":{"line":78,"column":19},"end":{"line":78,"column":54}},"type":"binary-expr","locations":[{"start":{"line":78,"column":19},"end":{"line":78,"column":49}},{"start":{"line":78,"column":53},"end":{"line":78,"column":54}}]},"6":{"loc":{"start":{"line":79,"column":22},"end":{"line":84,"column":15}},"type":"binary-expr","locations":[{"start":{"line":79,"column":22},"end":{"line":84,"column":9}},{"start":{"line":84,"column":13},"end":{"line":84,"column":15}}]},"7":{"loc":{"start":{"line":91,"column":56},"end":{"line":91,"column":79}},"type":"default-arg","locations":[{"start":{"line":91,"column":75},"end":{"line":91,"column":79}}]},"8":{"loc":{"start":{"line":105,"column":4},"end":{"line":107,"column":5}},"type":"if","locations":[{"start":{"line":105,"column":4},"end":{"line":107,"column":5}}]},"9":{"loc":{"start":{"line":105,"column":8},"end":{"line":105,"column":35}},"type":"binary-expr","locations":[{"start":{"line":105,"column":8},"end":{"line":105,"column":13}},{"start":{"line":105,"column":17},"end":{"line":105,"column":35}}]},"10":{"loc":{"start":{"line":109,"column":4},"end":{"line":111,"column":5}},"type":"if","locations":[{"start":{"line":109,"column":4},"end":{"line":111,"column":5}}]},"11":{"loc":{"start":{"line":149,"column":4},"end":{"line":151,"column":5}},"type":"if","locations":[{"start":{"line":149,"column":4},"end":{"line":151,"column":5}}]},"12":{"loc":{"start":{"line":149,"column":8},"end":{"line":149,"column":35}},"type":"binary-expr","locations":[{"start":{"line":149,"column":8},"end":{"line":149,"column":13}},{"start":{"line":149,"column":17},"end":{"line":149,"column":35}}]},"13":{"loc":{"start":{"line":153,"column":4},"end":{"line":155,"column":5}},"type":"if","locations":[{"start":{"line":153,"column":4},"end":{"line":155,"column":5}}]},"14":{"loc":{"start":{"line":189,"column":4},"end":{"line":191,"column":5}},"type":"if","locations":[{"start":{"line":189,"column":4},"end":{"line":191,"column":5}}]},"15":{"loc":{"start":{"line":189,"column":8},"end":{"line":189,"column":35}},"type":"binary-expr","locations":[{"start":{"line":189,"column":8},"end":{"line":189,"column":13}},{"start":{"line":189,"column":17},"end":{"line":189,"column":35}}]},"16":{"loc":{"start":{"line":193,"column":4},"end":{"line":195,"column":5}},"type":"if","locations":[{"start":{"line":193,"column":4},"end":{"line":195,"column":5}}]},"17":{"loc":{"start":{"line":198,"column":4},"end":{"line":200,"column":5}},"type":"if","locations":[{"start":{"line":198,"column":4},"end":{"line":200,"column":5}}]},"18":{"loc":{"start":{"line":198,"column":8},"end":{"line":198,"column":79}},"type":"binary-expr","locations":[{"start":{"line":198,"column":8},"end":{"line":198,"column":35}},{"start":{"line":198,"column":39},"end":{"line":198,"column":79}}]},"19":{"loc":{"start":{"line":240,"column":6},"end":{"line":274,"column":7}},"type":"if","locations":[{"start":{"line":240,"column":6},"end":{"line":274,"column":7}}]},"20":{"loc":{"start":{"line":258,"column":8},"end":{"line":264,"column":9}},"type":"if","locations":[{"start":{"line":258,"column":8},"end":{"line":264,"column":9}}]}},"s":{"0":0,"1":0,"2":0,"3":0,"4":0,"5":0,"6":0,"7":0,"8":0,"9":0,"10":0,"11":0,"12":0,"13":0,"14":0,"15":0,"16":0,"17":0,"18":0,"19":0,"20":0,"21":0,"22":0,"23":0,"24":0,"25":0,"26":0,"27":0,"28":0,"29":0,"30":0,"31":0,"32":0,"33":0,"34":0,"35":0,"36":0,"37":0,"38":0,"39":0,"40":0,"41":0,"42":0,"43":0,"44":0,"45":0,"46":0,"47":0,"48":0,"49":0,"50":0,"51":0,"52":0,"53":0,"54":0,"55":0,"56":0,"57":0,"58":0,"59":0,"60":0,"61":0,"62":0},"f":{"0":0,"1":0,"2":0,"3":0,"4":0,"5":0,"6":0,"7":0,"8":0,"9":0,"10":0,"11":0},"b":{"0":[0],"1":[0,0],"2":[0,0],"3":[0],"4":[0,0],"5":[0,0],"6":[0,0],"7":[0],"8":[0],"9":[0,0],"10":[0],"11":[0],"12":[0,0],"13":[0],"14":[0],"15":[0,0],"16":[0],"17":[0],"18":[0,0],"19":[0],"20":[0]}}
,"/home/owner/strangesignal/projects/nostrmaxi/src/wot/wot.controller.ts": {"path":"/home/owner/strangesignal/projects/nostrmaxi/src/wot/wot.controller.ts","statementMap":{"0":{"start":{"line":1,"column":0},"end":{"line":1,"column":69}},"1":{"start":{"line":2,"column":0},"end":{"line":2,"column":89}},"2":{"start":{"line":3,"column":0},"end":{"line":3,"column":43}},"3":{"start":{"line":7,"column":7},"end":{"line":74,"column":null}},"4":{"start":{"line":8,"column":22},"end":{"line":8,"column":34}},"5":{"start":{"line":16,"column":20},"end":{"line":16,"column":26}},"6":{"start":{"line":17,"column":4},"end":{"line":21,"column":5}},"7":{"start":{"line":18,"column":24},"end":{"line":18,"column":51}},"8":{"start":{"line":19,"column":22},"end":{"line":19,"column":42}},"9":{"start":{"line":20,"column":6},"end":{"line":20,"column":41}},"10":{"start":{"line":22,"column":4},"end":{"line":22,"column":47}},"11":{"start":{"line":34,"column":20},"end":{"line":34,"column":26}},"12":{"start":{"line":35,"column":4},"end":{"line":39,"column":5}},"13":{"start":{"line":36,"column":24},"end":{"line":36,"column":51}},"14":{"start":{"line":37,"column":22},"end":{"line":37,"column":42}},"15":{"start":{"line":38,"column":6},"end":{"line":38,"column":41}},"16":{"start":{"line":40,"column":4},"end":{"line":40,"column":88}},"17":{"start":{"line":52,"column":20},"end":{"line":52,"column":26}},"18":{"start":{"line":53,"column":4},"end":{"line":57,"column":5}},"19":{"start":{"line":54,"column":24},"end":{"line":54,"column":51}},"20":{"start":{"line":55,"column":22},"end":{"line":55,"column":42}},"21":{"start":{"line":56,"column":6},"end":{"line":56,"column":41}},"22":{"start":{"line":58,"column":4},"end":{"line":58,"column":86}},"23":{"start":{"line":66,"column":20},"end":{"line":66,"column":26}},"24":{"start":{"line":67,"column":4},"end":{"line":71,"column":5}},"25":{"start":{"line":68,"column":24},"end":{"line":68,"column":51}},"26":{"start":{"line":69,"column":22},"end":{"line":69,"column":42}},"27":{"start":{"line":70,"column":6},"end":{"line":70,"column":41}},"28":{"start":{"line":72,"column":4},"end":{"line":72,"column":50}},"29":{"start":{"line":7,"column":13},"end":{"line":7,"column":26}},"30":{"start":{"line":14,"column":8},"end":{"line":23,"column":null}},"31":{"start":{"line":30,"column":8},"end":{"line":41,"column":null}},"32":{"start":{"line":48,"column":8},"end":{"line":59,"column":null}},"33":{"start":{"line":65,"column":8},"end":{"line":73,"column":null}},"34":{"start":{"line":7,"column":13},"end":{"line":74,"column":null}}},"fnMap":{"0":{"name":"(anonymous_13)","decl":{"start":{"line":8,"column":2},"end":{"line":8,"column":22}},"loc":{"start":{"line":8,"column":44},"end":{"line":8,"column":48}}},"1":{"name":"(anonymous_14)","decl":{"start":{"line":14,"column":2},"end":{"line":14,"column":7}},"loc":{"start":{"line":14,"column":48},"end":{"line":23,"column":3}}},"2":{"name":"(anonymous_15)","decl":{"start":{"line":18,"column":24},"end":{"line":18,"column":37}},"loc":{"start":{"line":18,"column":24},"end":{"line":18,"column":51}}},"3":{"name":"(anonymous_16)","decl":{"start":{"line":30,"column":2},"end":{"line":30,"column":7}},"loc":{"start":{"line":32,"column":40},"end":{"line":41,"column":3}}},"4":{"name":"(anonymous_17)","decl":{"start":{"line":36,"column":24},"end":{"line":36,"column":37}},"loc":{"start":{"line":36,"column":24},"end":{"line":36,"column":51}}},"5":{"name":"(anonymous_18)","decl":{"start":{"line":48,"column":2},"end":{"line":48,"column":7}},"loc":{"start":{"line":50,"column":34},"end":{"line":59,"column":3}}},"6":{"name":"(anonymous_19)","decl":{"start":{"line":54,"column":24},"end":{"line":54,"column":37}},"loc":{"start":{"line":54,"column":24},"end":{"line":54,"column":51}}},"7":{"name":"(anonymous_20)","decl":{"start":{"line":65,"column":2},"end":{"line":65,"column":7}},"loc":{"start":{"line":65,"column":51},"end":{"line":73,"column":3}}},"8":{"name":"(anonymous_21)","decl":{"start":{"line":68,"column":24},"end":{"line":68,"column":37}},"loc":{"start":{"line":68,"column":24},"end":{"line":68,"column":51}}}},"branchMap":{"0":{"loc":{"start":{"line":17,"column":4},"end":{"line":21,"column":5}},"type":"if","locations":[{"start":{"line":17,"column":4},"end":{"line":21,"column":5}}]},"1":{"loc":{"start":{"line":35,"column":4},"end":{"line":39,"column":5}},"type":"if","locations":[{"start":{"line":35,"column":4},"end":{"line":39,"column":5}}]},"2":{"loc":{"start":{"line":40,"column":45},"end":{"line":40,"column":86}},"type":"cond-expr","locations":[{"start":{"line":40,"column":56},"end":{"line":40,"column":74}},{"start":{"line":40,"column":77},"end":{"line":40,"column":86}}]},"3":{"loc":{"start":{"line":53,"column":4},"end":{"line":57,"column":5}},"type":"if","locations":[{"start":{"line":53,"column":4},"end":{"line":57,"column":5}}]},"4":{"loc":{"start":{"line":58,"column":49},"end":{"line":58,"column":84}},"type":"cond-expr","locations":[{"start":{"line":58,"column":57},"end":{"line":58,"column":72}},{"start":{"line":58,"column":75},"end":{"line":58,"column":84}}]},"5":{"loc":{"start":{"line":67,"column":4},"end":{"line":71,"column":5}},"type":"if","locations":[{"start":{"line":67,"column":4},"end":{"line":71,"column":5}}]}},"s":{"0":0,"1":0,"2":0,"3":0,"4":0,"5":0,"6":0,"7":0,"8":0,"9":0,"10":0,"11":0,"12":0,"13":0,"14":0,"15":0,"16":0,"17":0,"18":0,"19":0,"20":0,"21":0,"22":0,"23":0,"24":0,"25":0,"26":0,"27":0,"28":0,"29":0,"30":0,"31":0,"32":0,"33":0,"34":0},"f":{"0":0,"1":0,"2":0,"3":0,"4":0,"5":0,"6":0,"7":0,"8":0},"b":{"0":[0],"1":[0],"2":[0,0],"3":[0],"4":[0,0],"5":[0]}}
,"/home/owner/strangesignal/projects/nostrmaxi/src/wot/wot.module.ts": {"path":"/home/owner/strangesignal/projects/nostrmaxi/src/wot/wot.module.ts","statementMap":{"0":{"start":{"line":1,"column":0},"end":{"line":1,"column":40}},"1":{"start":{"line":2,"column":0},"end":{"line":2,"column":49}},"2":{"start":{"line":3,"column":0},"end":{"line":3,"column":43}},"3":{"start":{"line":10,"column":7},"end":{"line":10,"column":null}},"4":{"start":{"line":10,"column":13},"end":{"line":10,"column":22}},"5":{"start":{"line":10,"column":13},"end":{"line":10,"column":null}}},"fnMap":{},"branchMap":{},"s":{"0":0,"1":0,"2":0,"3":0,"4":0,"5":0},"f":{},"b":{}}
,"/home/owner/strangesignal/projects/nostrmaxi/src/wot/wot.service.ts": {"path":"/home/owner/strangesignal/projects/nostrmaxi/src/wot/wot.service.ts","statementMap":{"0":{"start":{"line":1,"column":0},"end":{"line":1,"column":63}},"1":{"start":{"line":2,"column":0},"end":{"line":2,"column":57}},"2":{"start":{"line":3,"column":0},"end":{"line":3,"column":47}},"3":{"start":{"line":18,"column":7},"end":{"line":171,"column":null}},"4":{"start":{"line":22,"column":12},"end":{"line":22,"column":20}},"5":{"start":{"line":23,"column":12},"end":{"line":23,"column":20}},"6":{"start":{"line":26,"column":4},"end":{"line":29,"column":17}},"7":{"start":{"line":36,"column":17},"end":{"line":39,"column":6}},"8":{"start":{"line":41,"column":4},"end":{"line":54,"column":5}},"9":{"start":{"line":43,"column":6},"end":{"line":53,"column":8}},"10":{"start":{"line":56,"column":4},"end":{"line":66,"column":6}},"11":{"start":{"line":73,"column":18},"end":{"line":73,"column":45}},"12":{"start":{"line":75,"column":4},"end":{"line":77,"column":5}},"13":{"start":{"line":76,"column":6},"end":{"line":76,"column":99}},"14":{"start":{"line":79,"column":4},"end":{"line":81,"column":5}},"15":{"start":{"line":80,"column":6},"end":{"line":80,"column":129}},"16":{"start":{"line":83,"column":4},"end":{"line":83,"column":55}},"17":{"start":{"line":90,"column":17},"end":{"line":93,"column":6}},"18":{"start":{"line":95,"column":4},"end":{"line":97,"column":5}},"19":{"start":{"line":96,"column":6},"end":{"line":96,"column":52}},"20":{"start":{"line":101,"column":4},"end":{"line":109,"column":6}},"21":{"start":{"line":117,"column":15},"end":{"line":120,"column":6}},"22":{"start":{"line":122,"column":4},"end":{"line":132,"column":5}},"23":{"start":{"line":123,"column":24},"end":{"line":123,"column":51}},"24":{"start":{"line":124,"column":6},"end":{"line":131,"column":9}},"25":{"start":{"line":142,"column":26},"end":{"line":142,"column":58}},"26":{"start":{"line":143,"column":26},"end":{"line":143,"column":57}},"27":{"start":{"line":144,"column":25},"end":{"line":144,"column":54}},"28":{"start":{"line":145,"column":23},"end":{"line":145,"column":88}},"29":{"start":{"line":147,"column":21},"end":{"line":157,"column":6}},"30":{"start":{"line":159,"column":4},"end":{"line":169,"column":6}},"31":{"start":{"line":18,"column":13},"end":{"line":18,"column":23}},"32":{"start":{"line":18,"column":13},"end":{"line":171,"column":null}}},"fnMap":{"0":{"name":"(anonymous_11)","decl":{"start":{"line":21,"column":2},"end":{"line":21,"column":null}},"loc":{"start":{"line":23,"column":33},"end":{"line":30,"column":3}}},"1":{"name":"(anonymous_12)","decl":{"start":{"line":35,"column":2},"end":{"line":35,"column":7}},"loc":{"start":{"line":35,"column":31},"end":{"line":67,"column":3}}},"2":{"name":"(anonymous_13)","decl":{"start":{"line":72,"column":2},"end":{"line":72,"column":7}},"loc":{"start":{"line":72,"column":44},"end":{"line":84,"column":3}}},"3":{"name":"(anonymous_14)","decl":{"start":{"line":89,"column":2},"end":{"line":89,"column":7}},"loc":{"start":{"line":89,"column":44},"end":{"line":110,"column":3}}},"4":{"name":"(anonymous_15)","decl":{"start":{"line":116,"column":2},"end":{"line":116,"column":7}},"loc":{"start":{"line":116,"column":34},"end":{"line":170,"column":3}}},"5":{"name":"(anonymous_16)","decl":{"start":{"line":123,"column":24},"end":{"line":123,"column":37}},"loc":{"start":{"line":123,"column":24},"end":{"line":123,"column":51}}}},"branchMap":{"0":{"loc":{"start":{"line":41,"column":4},"end":{"line":54,"column":5}},"type":"if","locations":[{"start":{"line":41,"column":4},"end":{"line":54,"column":5}}]},"1":{"loc":{"start":{"line":41,"column":8},"end":{"line":41,"column":31}},"type":"binary-expr","locations":[{"start":{"line":41,"column":8},"end":{"line":41,"column":13}},{"start":{"line":41,"column":17},"end":{"line":41,"column":31}}]},"2":{"loc":{"start":{"line":72,"column":31},"end":{"line":72,"column":44}},"type":"default-arg","locations":[{"start":{"line":72,"column":42},"end":{"line":72,"column":44}}]},"3":{"loc":{"start":{"line":75,"column":4},"end":{"line":77,"column":5}},"type":"if","locations":[{"start":{"line":75,"column":4},"end":{"line":77,"column":5}}]},"4":{"loc":{"start":{"line":79,"column":4},"end":{"line":81,"column":5}},"type":"if","locations":[{"start":{"line":79,"column":4},"end":{"line":81,"column":5}}]},"5":{"loc":{"start":{"line":89,"column":35},"end":{"line":89,"column":44}},"type":"default-arg","locations":[{"start":{"line":89,"column":43},"end":{"line":89,"column":44}}]},"6":{"loc":{"start":{"line":95,"column":4},"end":{"line":97,"column":5}},"type":"if","locations":[{"start":{"line":95,"column":4},"end":{"line":97,"column":5}}]},"7":{"loc":{"start":{"line":105,"column":22},"end":{"line":105,"column":56}},"type":"binary-expr","locations":[{"start":{"line":105,"column":22},"end":{"line":105,"column":51}},{"start":{"line":105,"column":55},"end":{"line":105,"column":56}}]},"8":{"loc":{"start":{"line":106,"column":22},"end":{"line":106,"column":56}},"type":"binary-expr","locations":[{"start":{"line":106,"column":22},"end":{"line":106,"column":51}},{"start":{"line":106,"column":55},"end":{"line":106,"column":56}}]},"9":{"loc":{"start":{"line":107,"column":16},"end":{"line":107,"column":45}},"type":"binary-expr","locations":[{"start":{"line":107,"column":16},"end":{"line":107,"column":39}},{"start":{"line":107,"column":43},"end":{"line":107,"column":45}}]},"10":{"loc":{"start":{"line":122,"column":4},"end":{"line":132,"column":5}},"type":"if","locations":[{"start":{"line":122,"column":4},"end":{"line":132,"column":5}}]},"11":{"loc":{"start":{"line":145,"column":61},"end":{"line":145,"column":86}},"type":"cond-expr","locations":[{"start":{"line":145,"column":80},"end":{"line":145,"column":82}},{"start":{"line":145,"column":85},"end":{"line":145,"column":86}}]},"12":{"loc":{"start":{"line":154,"column":25},"end":{"line":154,"column":72}},"type":"cond-expr","locations":[{"start":{"line":154,"column":43},"end":{"line":154,"column":45}},{"start":{"line":154,"column":48},"end":{"line":154,"column":72}}]},"13":{"loc":{"start":{"line":154,"column":48},"end":{"line":154,"column":72}},"type":"cond-expr","locations":[{"start":{"line":154,"column":66},"end":{"line":154,"column":68}},{"start":{"line":154,"column":71},"end":{"line":154,"column":72}}]}},"s":{"0":0,"1":0,"2":0,"3":0,"4":0,"5":0,"6":0,"7":0,"8":0,"9":0,"10":0,"11":0,"12":0,"13":0,"14":0,"15":0,"16":0,"17":0,"18":0,"19":0,"20":0,"21":0,"22":0,"23":0,"24":0,"25":0,"26":0,"27":0,"28":0,"29":0,"30":0,"31":0,"32":0},"f":{"0":0,"1":0,"2":0,"3":0,"4":0,"5":0},"b":{"0":[0],"1":[0,0],"2":[0],"3":[0],"4":[0],"5":[0],"6":[0],"7":[0,0],"8":[0,0],"9":[0,0],"10":[0],"11":[0,0],"12":[0,0],"13":[0,0]}}
}
