TN:
SF:src/app.module.ts
FN:34,(anonymous_1)
FNF:1
FNH:0
FNDA:0,(anonymous_1)
DA:1,0
DA:2,0
DA:3,0
DA:4,0
DA:5,0
DA:6,0
DA:7,0
DA:8,0
DA:9,0
DA:10,0
DA:11,0
DA:12,0
DA:13,0
DA:33,0
DA:35,0
LF:15
LH:0
BRF:0
BRH:0
end_of_record
TN:
SF:src/admin/admin.controller.ts
FN:10,(anonymous_4)
FN:15,(anonymous_5)
FN:26,(anonymous_6)
FN:41,(anonymous_7)
FN:61,(anonymous_8)
FN:81,(anonymous_9)
FN:101,(anonymous_10)
FNF:7
FNH:0
FNDA:0,(anonymous_4)
FNDA:0,(anonymous_5)
FNDA:0,(anonymous_6)
FNDA:0,(anonymous_7)
FNDA:0,(anonymous_8)
FNDA:0,(anonymous_9)
FNDA:0,(anonymous_10)
DA:1,0
DA:2,0
DA:3,0
DA:4,0
DA:9,0
DA:11,0
DA:12,0
DA:16,0
DA:17,0
DA:18,0
DA:26,0
DA:30,0
DA:31,0
DA:32,0
DA:41,0
DA:47,0
DA:48,0
DA:49,0
DA:61,0
DA:67,0
DA:68,0
DA:69,0
DA:81,0
DA:87,0
DA:88,0
DA:89,0
DA:101,0
DA:107,0
DA:108,0
DA:109,0
LF:30
LH:0
BRDA:50,0,0,0
BRDA:50,0,1,0
BRDA:51,1,0,0
BRDA:51,1,1,0
BRDA:70,2,0,0
BRDA:70,2,1,0
BRDA:71,3,0,0
BRDA:71,3,1,0
BRDA:90,4,0,0
BRDA:90,4,1,0
BRDA:91,5,0,0
BRDA:91,5,1,0
BRDA:110,6,0,0
BRDA:110,6,1,0
BRDA:111,7,0,0
BRDA:111,7,1,0
BRF:16
BRH:0
end_of_record
TN:
SF:src/admin/admin.module.ts
FNF:0
FNH:0
DA:1,0
DA:2,0
DA:3,0
DA:4,0
DA:12,0
LF:5
LH:0
BRF:0
BRH:0
end_of_record
TN:
SF:src/admin/admin.service.ts
FN:9,(anonymous_2)
FN:19,(anonymous_3)
FN:26,(anonymous_4)
FN:35,(anonymous_5)
FN:60,(anonymous_6)
FN:70,(anonymous_7)
FN:88,(anonymous_8)
FN:93,(anonymous_9)
FN:106,(anonymous_10)
FN:121,(anonymous_11)
FN:137,(anonymous_12)
FN:160,(anonymous_13)
FN:178,(anonymous_14)
FNF:13
FNH:0
FNDA:0,(anonymous_2)
FNDA:0,(anonymous_3)
FNDA:0,(anonymous_4)
FNDA:0,(anonymous_5)
FNDA:0,(anonymous_6)
FNDA:0,(anonymous_7)
FNDA:0,(anonymous_8)
FNDA:0,(anonymous_9)
FNDA:0,(anonymous_10)
FNDA:0,(anonymous_11)
FNDA:0,(anonymous_12)
FNDA:0,(anonymous_13)
FNDA:0,(anonymous_14)
DA:1,0
DA:2,0
DA:3,0
DA:6,0
DA:10,0
DA:11,0
DA:13,0
DA:20,0
DA:27,0
DA:28,0
DA:42,0
DA:55,0
DA:61,0
DA:62,0
DA:71,0
DA:73,0
DA:87,0
DA:88,0
DA:93,0
DA:107,0
DA:109,0
DA:120,0
DA:121,0
DA:138,0
DA:140,0
DA:149,0
DA:161,0
DA:163,0
DA:177,0
DA:178,0
LF:30
LH:0
BRDA:27,0,0,0
BRDA:70,1,0,0
BRDA:70,2,0,0
BRDA:92,3,0,0
BRDA:92,3,1,0
BRDA:94,4,0,0
BRDA:94,4,1,0
BRDA:106,5,0,0
BRDA:106,6,0,0
BRDA:137,7,0,0
BRDA:137,8,0,0
BRDA:160,9,0,0
BRDA:160,10,0,0
BRDA:181,11,0,0
BRDA:181,11,1,0
BRDA:182,12,0,0
BRDA:182,12,1,0
BRF:17
BRH:0
end_of_record
TN:
SF:src/api-keys/api-keys.controller.ts
FN:10,(anonymous_4)
FN:20,(anonymous_5)
FN:40,(anonymous_6)
FN:55,(anonymous_7)
FN:71,(anonymous_8)
FNF:5
FNH:0
FNDA:0,(anonymous_4)
FNDA:0,(anonymous_5)
FNDA:0,(anonymous_6)
FNDA:0,(anonymous_7)
FNDA:0,(anonymous_8)
DA:1,0
DA:2,0
DA:3,0
DA:4,0
DA:9,0
DA:11,0
DA:12,0
DA:20,0
DA:25,0
DA:26,0
DA:28,0
DA:40,0
DA:44,0
DA:45,0
DA:47,0
DA:55,0
DA:60,0
DA:61,0
DA:63,0
DA:71,0
DA:76,0
DA:77,0
DA:79,0
DA:80,0
LF:24
LH:0
BRDA:32,0,0,0
BRDA:32,0,1,0
BRF:2
BRH:0
end_of_record
TN:
SF:src/api-keys/api-keys.module.ts
FNF:0
FNH:0
DA:1,0
DA:2,0
DA:3,0
DA:4,0
DA:5,0
DA:13,0
LF:6
LH:0
BRF:0
BRH:0
end_of_record
TN:
SF:src/api-keys/api-keys.service.ts
FN:18,(anonymous_11)
FN:23,(anonymous_12)
FN:44,(anonymous_13)
FN:92,(anonymous_14)
FN:107,(anonymous_15)
FN:122,(anonymous_16)
FN:146,(anonymous_17)
FN:147,(anonymous_18)
FN:163,(anonymous_19)
FN:170,(anonymous_20)
FN:171,(anonymous_21)
FN:179,(anonymous_22)
FN:211,(anonymous_23)
FN:278,(anonymous_24)
FN:296,(anonymous_25)
FNF:15
FNH:0
FNDA:0,(anonymous_11)
FNDA:0,(anonymous_12)
FNDA:0,(anonymous_13)
FNDA:0,(anonymous_14)
FNDA:0,(anonymous_15)
FNDA:0,(anonymous_16)
FNDA:0,(anonymous_17)
FNDA:0,(anonymous_18)
FNDA:0,(anonymous_19)
FNDA:0,(anonymous_20)
FNDA:0,(anonymous_21)
FNDA:0,(anonymous_22)
FNDA:0,(anonymous_23)
FNDA:0,(anonymous_24)
FNDA:0,(anonymous_25)
DA:1,0
DA:2,0
DA:3,0
DA:17,0
DA:18,0
DA:30,0
DA:35,0
DA:36,0
DA:39,0
DA:40,0
DA:44,0
DA:45,0
DA:46,0
DA:50,0
DA:51,0
DA:52,0
DA:54,0
DA:67,0
DA:77,0
DA:93,0
DA:103,0
DA:104,0
DA:107,0
DA:123,0
DA:137,0
DA:138,0
DA:142,0
DA:143,0
DA:144,0
DA:146,0
DA:147,0
DA:150,0
DA:151,0
DA:152,0
DA:153,0
DA:156,0
DA:163,0
DA:170,0
DA:171,0
DA:180,0
DA:188,0
DA:189,0
DA:192,0
DA:198,0
DA:218,0
DA:219,0
DA:222,0
DA:223,0
DA:235,0
DA:236,0
DA:240,0
DA:241,0
DA:245,0
DA:246,0
DA:250,0
DA:251,0
DA:258,0
DA:261,0
DA:266,0
DA:279,0
DA:280,0
DA:284,0
DA:285,0
DA:297,0
LF:64
LH:0
BRDA:26,0,0,0
BRDA:35,1,0,0
BRDA:39,2,0,0
BRDA:45,3,0,0
BRDA:85,4,0,0
BRDA:85,4,1,0
BRDA:103,5,0,0
BRDA:137,6,0,0
BRDA:153,7,0,0
BRDA:153,7,1,0
BRDA:188,8,0,0
BRDA:218,9,0,0
BRDA:235,10,0,0
BRDA:240,11,0,0
BRDA:240,12,0,0
BRDA:240,12,1,0
BRDA:245,13,0,0
BRDA:284,14,0,0
BRF:18
BRH:0
end_of_record
TN:
SF:src/auth/auth.controller.ts
FN:9,(anonymous_4)
FN:16,(anonymous_5)
FN:24,(anonymous_6)
FN:39,(anonymous_7)
FN:49,(anonymous_8)
FN:61,(anonymous_9)
FN:78,(anonymous_10)
FN:107,(anonymous_11)
FN:117,(anonymous_12)
FN:131,(anonymous_13)
FN:148,(anonymous_14)
FNF:11
FNH:10
FNDA:22,(anonymous_4)
FNDA:9,(anonymous_5)
FNDA:11,(anonymous_6)
FNDA:2,(anonymous_7)
FNDA:0,(anonymous_8)
FNDA:1,(anonymous_9)
FNDA:2,(anonymous_10)
FNDA:1,(anonymous_11)
FNDA:2,(anonymous_12)
FNDA:2,(anonymous_13)
FNDA:1,(anonymous_14)
DA:1,1
DA:2,1
DA:3,1
DA:8,1
DA:9,22
DA:16,1
DA:17,9
DA:24,1
DA:28,11
DA:29,11
DA:31,11
DA:39,1
DA:40,2
DA:49,1
DA:54,0
DA:61,1
DA:65,1
DA:66,1
DA:68,1
DA:78,1
DA:82,2
DA:83,2
DA:84,1
DA:86,1
DA:107,1
DA:108,1
DA:109,1
DA:117,1
DA:121,2
DA:122,2
DA:123,2
DA:131,1
DA:136,2
DA:137,2
DA:138,2
DA:148,1
DA:152,1
DA:153,1
DA:154,1
DA:156,1
LF:40
LH:39
BRDA:29,0,0,11
BRDA:29,0,1,0
BRDA:66,1,0,1
BRDA:66,1,1,0
BRDA:89,2,0,1
BRDA:89,2,1,0
BRDA:91,3,0,1
BRDA:91,3,1,0
BRDA:92,4,0,1
BRDA:92,4,1,0
BRDA:95,5,0,0
BRDA:95,5,1,1
BRDA:108,6,0,1
BRDA:159,7,0,1
BRDA:159,7,1,0
BRDA:161,8,0,1
BRDA:161,8,1,1
BRF:17
BRH:10
end_of_record
TN:
SF:src/auth/auth.module.ts
FNF:0
FNH:0
DA:1,0
DA:2,0
DA:3,0
DA:4,0
DA:5,0
DA:13,0
LF:6
LH:0
BRF:0
BRH:0
end_of_record
TN:
SF:src/auth/auth.service.ts
FN:29,(anonymous_11)
FN:39,(anonymous_12)
FN:65,(anonymous_13)
FN:82,(anonymous_14)
FN:152,(anonymous_15)
FN:185,(anonymous_16)
FN:191,(anonymous_17)
FN:202,(anonymous_18)
FN:250,(anonymous_19)
FN:273,(anonymous_20)
FN:285,(anonymous_21)
FN:296,(anonymous_22)
FN:308,(anonymous_23)
FN:326,(anonymous_24)
FN:365,(anonymous_25)
FN:397,(anonymous_26)
FN:440,(anonymous_27)
FN:505,(anonymous_28)
FN:523,(anonymous_29)
FN:543,(anonymous_30)
FN:547,(anonymous_31)
FN:553,(anonymous_32)
FN:577,(anonymous_33)
FN:587,(anonymous_34)
FN:597,(anonymous_35)
FN:609,(anonymous_36)
FN:624,(anonymous_37)
FNF:27
FNH:25
FNDA:54,(anonymous_11)
FNDA:9,(anonymous_12)
FNDA:11,(anonymous_13)
FNDA:10,(anonymous_14)
FNDA:21,(anonymous_15)
FNDA:19,(anonymous_16)
FNDA:36,(anonymous_17)
FNDA:8,(anonymous_18)
FNDA:22,(anonymous_19)
FNDA:1,(anonymous_20)
FNDA:2,(anonymous_21)
FNDA:2,(anonymous_22)
FNDA:2,(anonymous_23)
FNDA:10,(anonymous_24)
FNDA:2,(anonymous_25)
FNDA:0,(anonymous_26)
FNDA:1,(anonymous_27)
FNDA:8,(anonymous_28)
FNDA:9,(anonymous_29)
FNDA:15,(anonymous_30)
FNDA:2,(anonymous_31)
FNDA:2,(anonymous_32)
FNDA:2,(anonymous_33)
FNDA:2,(anonymous_34)
FNDA:2,(anonymous_35)
FNDA:2,(anonymous_36)
FNDA:0,(anonymous_37)
DA:1,3
DA:2,3
DA:3,3
DA:4,3
DA:5,3
DA:25,3
DA:27,54
DA:30,54
DA:31,54
DA:33,54
DA:40,9
DA:41,9
DA:43,9
DA:52,9
DA:56,9
DA:71,11
DA:72,1
DA:76,10
DA:77,10
DA:78,0
DA:82,10
DA:83,10
DA:84,0
DA:87,10
DA:90,10
DA:94,10
DA:95,0
DA:98,10
DA:99,1
DA:102,9
DA:103,1
DA:106,8
DA:107,0
DA:111,8
DA:117,8
DA:120,8
DA:121,8
DA:123,8
DA:134,8
DA:136,8
DA:153,21
DA:154,1
DA:157,20
DA:160,20
DA:161,20
DA:162,20
DA:164,0
DA:168,20
DA:169,0
DA:173,20
DA:174,20
DA:175,0
DA:179,20
DA:180,20
DA:181,1
DA:185,19
DA:186,19
DA:187,1
DA:191,36
DA:192,18
DA:193,1
DA:196,17
DA:203,8
DA:204,8
DA:206,8
DA:207,2
DA:211,6
DA:227,6
DA:228,0
DA:232,6
DA:237,6
DA:242,2
DA:243,0
DA:251,22
DA:252,1
DA:256,21
DA:257,5
DA:258,5
DA:259,5
DA:263,16
DA:264,16
DA:267,0
DA:274,1
DA:275,1
DA:276,1
DA:286,2
DA:296,2
DA:309,2
DA:316,2
DA:317,1
DA:320,1
DA:327,10
DA:336,10
DA:337,9
DA:338,9
DA:357,10
DA:366,2
DA:367,2
DA:369,2
DA:378,2
DA:379,2
DA:380,2
DA:381,2
DA:382,2
DA:385,2
DA:387,2
DA:402,0
DA:406,0
DA:407,0
DA:410,0
DA:411,0
DA:414,0
DA:415,0
DA:419,0
DA:420,0
DA:421,0
DA:425,0
DA:434,0
DA:445,1
DA:449,1
DA:450,0
DA:453,1
DA:454,0
DA:457,1
DA:458,1
DA:461,0
DA:463,0
DA:466,0
DA:472,0
DA:473,0
DA:475,0
DA:485,0
DA:487,0
DA:500,0
DA:506,8
DA:513,8
DA:514,8
DA:515,8
DA:520,8
DA:524,9
DA:525,9
DA:528,9
DA:533,9
DA:534,1
DA:537,8
DA:539,0
DA:544,15
DA:549,2
DA:550,2
DA:554,2
DA:555,2
DA:556,2
DA:557,2
DA:559,2
DA:560,278
DA:561,278
DA:562,278
DA:563,444
DA:564,444
DA:568,2
DA:569,2
DA:570,2
DA:574,2
DA:578,2
DA:579,2
DA:580,2
DA:581,2
DA:582,458
DA:584,2
DA:588,2
DA:589,2
DA:590,2
DA:591,2
DA:592,12
DA:594,2
DA:598,2
DA:599,2
DA:600,10
DA:602,2
DA:603,2
DA:604,10
DA:606,2
DA:610,2
DA:611,2
DA:612,2
DA:613,480
DA:614,480
DA:615,480
DA:616,2400
DA:617,1122
DA:621,2
DA:625,0
DA:629,0
DA:630,0
DA:631,0
DA:632,0
DA:634,0
DA:636,0
LF:198
LH:157
BRDA:33,0,0,54
BRDA:33,0,1,0
BRDA:71,1,0,1
BRDA:77,2,0,0
BRDA:83,3,0,0
BRDA:83,4,0,10
BRDA:83,4,1,10
BRDA:94,5,0,0
BRDA:98,6,0,1
BRDA:102,7,0,1
BRDA:106,8,0,0
BRDA:106,9,0,8
BRDA:106,9,1,0
BRDA:141,10,0,8
BRDA:141,10,1,0
BRDA:143,11,0,8
BRDA:143,11,1,8
BRDA:153,12,0,1
BRDA:168,13,0,0
BRDA:174,14,0,0
BRDA:180,15,0,1
BRDA:186,16,0,1
BRDA:186,17,0,19
BRDA:186,17,1,19
BRDA:192,18,0,1
BRDA:192,19,0,18
BRDA:192,19,1,18
BRDA:206,20,0,2
BRDA:206,21,0,8
BRDA:206,21,1,7
BRDA:227,22,0,0
BRDA:242,23,0,2
BRDA:251,24,0,1
BRDA:256,25,0,5
BRDA:263,26,0,16
BRDA:275,27,0,1
BRDA:296,28,0,2
BRDA:296,28,1,0
BRDA:316,29,0,1
BRDA:336,30,0,9
BRDA:378,31,0,2
BRDA:378,31,1,0
BRDA:406,32,0,0
BRDA:410,33,0,0
BRDA:414,34,0,0
BRDA:420,35,0,0
BRDA:449,36,0,0
BRDA:453,37,0,0
BRDA:457,38,0,1
BRDA:461,39,0,0
BRDA:461,40,0,0
BRDA:461,40,1,0
BRDA:493,41,0,0
BRDA:493,41,1,0
BRDA:533,42,0,1
BRDA:568,43,0,2
BRDA:569,44,0,2
BRDA:616,45,0,1122
BRF:58
BRH:35
end_of_record
TN:
SF:src/auth/nostr-auth.guard.ts
FN:7,(anonymous_2)
FN:9,(anonymous_3)
FNF:2
FNH:0
FNDA:0,(anonymous_2)
FNDA:0,(anonymous_3)
DA:1,0
DA:2,0
DA:6,0
DA:7,0
DA:10,0
DA:11,0
DA:13,0
DA:14,0
DA:17,0
DA:18,0
DA:19,0
DA:26,0
DA:27,0
DA:29,0
LF:14
LH:0
BRDA:13,0,0,0
BRF:1
BRH:0
end_of_record
TN:
SF:src/common/guards/rate-limit.guard.ts
FN:16,(anonymous_2)
FN:18,(anonymous_3)
FN:21,(anonymous_4)
FN:52,(anonymous_5)
FN:59,(anonymous_6)
FNF:5
FNH:4
FNDA:20,(anonymous_2)
FNDA:0,(anonymous_3)
FNDA:199,(anonymous_4)
FNDA:199,(anonymous_5)
FNDA:1,(anonymous_6)
DA:1,1
DA:2,1
DA:11,1
DA:12,20
DA:13,20
DA:14,20
DA:16,20
DA:18,20
DA:22,199
DA:23,199
DA:25,199
DA:26,199
DA:28,199
DA:30,23
DA:34,23
DA:37,176
DA:38,19
DA:48,157
DA:49,157
DA:54,199
DA:55,199
DA:56,199
DA:60,1
DA:61,1
DA:62,1
DA:63,1
LF:26
LH:26
BRDA:13,0,0,20
BRDA:13,0,1,1
BRDA:14,1,0,20
BRDA:14,1,1,1
BRDA:28,2,0,23
BRDA:28,3,0,199
BRDA:28,3,1,178
BRDA:37,4,0,19
BRDA:54,5,0,199
BRDA:54,5,1,1
BRDA:55,6,0,199
BRDA:55,6,1,1
BRDA:62,7,0,1
BRF:13
BRH:13
end_of_record
TN:
SF:src/common/middleware/security.middleware.ts
FN:6,(anonymous_1)
FN:30,(anonymous_2)
FN:33,(anonymous_3)
FNF:3
FNH:0
FNDA:0,(anonymous_1)
FNDA:0,(anonymous_2)
FNDA:0,(anonymous_3)
DA:1,0
DA:5,0
DA:8,0
DA:11,0
DA:12,0
DA:13,0
DA:14,0
DA:17,0
DA:18,0
DA:24,0
DA:29,0
DA:31,0
DA:33,0
DA:34,0
DA:35,0
DA:36,0
DA:39,0
DA:40,0
DA:46,0
LF:19
LH:0
BRDA:17,0,0,0
BRDA:17,1,0,0
BRDA:17,1,1,0
BRDA:39,2,0,0
BRDA:39,3,0,0
BRDA:39,3,1,0
BRF:6
BRH:0
end_of_record
TN:
SF:src/health/health.controller.ts
FN:8,(anonymous_2)
FN:13,(anonymous_3)
FN:27,(anonymous_4)
FN:35,(anonymous_5)
FNF:4
FNH:0
FNDA:0,(anonymous_2)
FNDA:0,(anonymous_3)
FNDA:0,(anonymous_4)
FNDA:0,(anonymous_5)
DA:1,0
DA:2,0
DA:3,0
DA:7,0
DA:8,0
DA:13,0
DA:14,0
DA:15,0
DA:27,0
DA:28,0
DA:36,0
DA:37,0
DA:38,0
DA:40,0
LF:14
LH:0
BRDA:16,0,0,0
BRDA:16,0,1,0
BRDA:18,1,0,0
BRDA:18,1,1,0
BRDA:20,2,0,0
BRDA:20,2,1,0
BRF:6
BRH:0
end_of_record
TN:
SF:src/health/health.module.ts
FNF:0
FNH:0
DA:1,0
DA:2,0
DA:7,0
LF:3
LH:0
BRF:0
BRH:0
end_of_record
TN:
SF:src/metrics/metrics.module.ts
FNF:0
FNH:0
DA:1,0
DA:2,0
DA:3,0
DA:9,0
LF:4
LH:0
BRF:0
BRH:0
end_of_record
TN:
SF:src/nip05/nip05.controller.ts
FN:12,(anonymous_4)
FN:25,(anonymous_5)
FN:35,(anonymous_6)
FN:49,(anonymous_7)
FN:65,(anonymous_8)
FN:81,(anonymous_9)
FN:96,(anonymous_10)
FNF:7
FNH:5
FNDA:15,(anonymous_4)
FNDA:4,(anonymous_5)
FNDA:0,(anonymous_6)
FNDA:7,(anonymous_7)
FNDA:2,(anonymous_8)
FNDA:2,(anonymous_9)
FNDA:0,(anonymous_10)
DA:1,1
DA:2,1
DA:3,1
DA:5,1
DA:7,1
DA:11,1
DA:13,15
DA:14,15
DA:25,1
DA:26,4
DA:35,1
DA:36,0
DA:37,0
DA:49,1
DA:54,7
DA:55,7
DA:56,7
DA:65,1
DA:70,2
DA:71,2
DA:72,2
DA:81,1
DA:85,2
DA:86,2
DA:87,2
DA:96,1
DA:101,0
DA:102,0
DA:103,0
LF:29
LH:24
BRF:0
BRH:0
end_of_record
TN:
SF:src/nip05/nip05.module.ts
FNF:0
FNH:0
DA:1,0
DA:2,0
DA:3,0
DA:4,0
DA:12,0
LF:5
LH:0
BRF:0
BRH:0
end_of_record
TN:
SF:src/nip05/nip05.service.ts
FN:23,(anonymous_11)
FN:36,(anonymous_12)
FN:67,(anonymous_13)
FN:102,(anonymous_14)
FN:183,(anonymous_15)
FN:218,(anonymous_16)
FN:226,(anonymous_17)
FN:237,(anonymous_18)
FNF:8
FNH:6
FNDA:15,(anonymous_11)
FNDA:4,(anonymous_12)
FNDA:7,(anonymous_13)
FNDA:0,(anonymous_14)
FNDA:2,(anonymous_15)
FNDA:2,(anonymous_16)
FNDA:1,(anonymous_17)
FNDA:0,(anonymous_18)
DA:1,1
DA:2,1
DA:3,1
DA:6,1
DA:19,1
DA:24,15
DA:25,15
DA:27,15
DA:28,15
DA:37,4
DA:39,4
DA:50,4
DA:51,2
DA:54,2
DA:68,7
DA:69,7
DA:71,7
DA:72,1
DA:75,6
DA:76,0
DA:80,6
DA:88,6
DA:89,1
DA:93,5
DA:101,5
DA:102,0
DA:103,0
DA:119,5
DA:120,5
DA:121,5
DA:123,5
DA:124,1
DA:130,4
DA:131,2
DA:132,1
DA:136,1
DA:144,1
DA:145,0
DA:150,3
DA:162,3
DA:172,3
DA:184,2
DA:186,2
DA:194,2
DA:195,1
DA:198,1
DA:203,1
DA:212,1
DA:219,2
DA:226,2
DA:239,0
DA:241,0
DA:242,0
DA:243,0
DA:252,0
DA:253,0
DA:257,0
LF:57
LH:46
BRDA:37,0,0,4
BRDA:37,0,1,4
BRDA:50,1,0,2
BRDA:68,2,0,7
BRDA:68,2,1,0
BRDA:71,3,0,1
BRDA:75,4,0,0
BRDA:88,5,0,1
BRDA:101,6,0,0
BRDA:119,7,0,5
BRDA:119,7,1,0
BRDA:120,8,0,5
BRDA:120,8,1,0
BRDA:121,9,0,5
BRDA:121,9,1,4
BRDA:123,10,0,1
BRDA:130,11,0,2
BRDA:131,12,0,1
BRDA:144,13,0,0
BRDA:184,14,0,2
BRDA:184,14,1,0
BRDA:194,15,0,1
BRDA:241,16,0,0
BRDA:252,17,0,0
BRDA:260,18,0,0
BRDA:260,18,1,0
BRF:26
BRH:15
end_of_record
TN:
SF:src/nip05/dto/nip05.dto.ts
FNF:0
FNH:0
DA:1,1
DA:2,1
DA:4,1
DA:18,1
DA:29,1
DA:32,1
DA:36,1
DA:41,1
DA:44,1
DA:49,1
DA:52,1
DA:59,1
LF:12
LH:12
BRF:0
BRH:0
end_of_record
TN:
SF:src/payments/payments.controller.ts
FN:10,(anonymous_4)
FN:18,(anonymous_5)
FN:28,(anonymous_6)
FN:47,(anonymous_7)
FN:54,(anonymous_8)
FN:66,(anonymous_9)
FN:82,(anonymous_10)
FNF:7
FNH:5
FNDA:17,(anonymous_4)
FNDA:1,(anonymous_5)
FNDA:5,(anonymous_6)
FNDA:4,(anonymous_7)
FNDA:4,(anonymous_8)
FNDA:0,(anonymous_9)
FNDA:0,(anonymous_10)
DA:1,1
DA:2,1
DA:3,1
DA:4,1
DA:9,1
DA:11,17
DA:12,17
DA:18,1
DA:19,1
DA:28,1
DA:33,5
DA:34,5
DA:36,5
DA:47,1
DA:48,4
DA:54,1
DA:58,4
DA:66,1
DA:71,0
DA:72,0
DA:74,0
DA:82,1
DA:87,0
DA:88,0
DA:90,0
LF:25
LH:19
BRDA:39,0,0,5
BRDA:39,0,1,0
BRDA:74,1,0,0
BRDA:74,1,1,0
BRF:4
BRH:1
end_of_record
TN:
SF:src/payments/payments.module.ts
FNF:0
FNH:0
DA:1,0
DA:2,0
DA:3,0
DA:4,0
DA:5,0
DA:13,0
LF:6
LH:0
BRF:0
BRH:0
end_of_record
TN:
SF:src/payments/payments.service.ts
FN:119,(anonymous_11)
FN:131,(anonymous_12)
FN:138,(anonymous_13)
FN:145,(anonymous_14)
FN:225,(anonymous_15)
FN:289,(anonymous_16)
FN:325,(anonymous_17)
FN:424,(anonymous_18)
FN:443,(anonymous_19)
FN:458,(anonymous_20)
FN:503,(anonymous_21)
FN:543,(anonymous_22)
FNF:12
FNH:8
FNDA:17,(anonymous_11)
FNDA:1,(anonymous_12)
FNDA:0,(anonymous_13)
FNDA:5,(anonymous_14)
FNDA:4,(anonymous_15)
FNDA:4,(anonymous_16)
FNDA:5,(anonymous_17)
FNDA:0,(anonymous_18)
FNDA:0,(anonymous_19)
FNDA:0,(anonymous_20)
FNDA:4,(anonymous_21)
FNDA:2,(anonymous_22)
DA:1,1
DA:2,1
DA:3,1
DA:4,1
DA:22,1
DA:113,1
DA:114,17
DA:120,17
DA:121,17
DA:123,17
DA:124,17
DA:125,17
DA:132,1
DA:139,0
DA:158,5
DA:159,1
DA:162,4
DA:167,4
DA:168,0
DA:171,4
DA:174,4
DA:175,4
DA:176,2
DA:179,4
DA:180,4
DA:183,4
DA:184,4
DA:187,4
DA:201,4
DA:211,4
DA:232,4
DA:237,4
DA:238,0
DA:242,4
DA:243,2
DA:252,2
DA:253,0
DA:257,2
DA:258,2
DA:260,2
DA:262,0
DA:263,0
DA:274,2
DA:275,2
DA:276,1
DA:280,1
DA:283,1
DA:291,4
DA:292,2
DA:297,2
DA:298,1
DA:299,1
DA:303,3
DA:307,3
DA:308,2
DA:309,2
DA:313,1
DA:314,1
DA:315,0
DA:318,1
DA:319,1
DA:330,5
DA:335,5
DA:336,0
DA:339,5
DA:340,0
DA:348,5
DA:356,5
DA:357,5
DA:360,5
DA:363,5
DA:365,1
DA:368,4
DA:369,4
DA:370,4
DA:374,5
DA:377,5
DA:387,5
DA:397,5
DA:412,5
DA:414,5
DA:425,0
DA:439,0
DA:440,0
DA:443,0
DA:459,0
DA:472,0
DA:473,0
DA:476,0
DA:483,0
DA:484,0
DA:486,0
DA:504,4
DA:506,4
DA:507,4
DA:508,4
DA:515,0
DA:516,0
DA:531,0
DA:532,0
DA:533,0
DA:536,0
DA:538,0
DA:539,0
DA:544,2
DA:546,2
DA:547,2
DA:550,0
DA:551,0
DA:557,0
DA:558,0
DA:561,0
DA:562,0
DA:568,0
DA:569,0
LF:115
LH:79
BRDA:123,0,0,17
BRDA:123,0,1,0
BRDA:124,1,0,17
BRDA:124,1,1,17
BRDA:125,2,0,17
BRDA:125,2,1,0
BRDA:148,3,0,0
BRDA:158,4,0,1
BRDA:167,5,0,0
BRDA:175,6,0,2
BRDA:175,7,0,4
BRDA:175,7,1,2
BRDA:183,8,0,1
BRDA:183,8,1,3
BRDA:237,9,0,0
BRDA:242,10,0,2
BRDA:246,11,0,2
BRDA:246,11,1,0
BRDA:248,12,0,2
BRDA:248,12,1,0
BRDA:252,13,0,0
BRDA:252,14,0,2
BRDA:252,14,1,2
BRDA:257,15,0,2
BRDA:260,16,0,0
BRDA:275,17,0,1
BRDA:291,18,0,2
BRDA:297,19,0,1
BRDA:307,20,0,2
BRDA:314,21,0,0
BRDA:335,22,0,0
BRDA:339,23,0,0
BRDA:356,24,0,5
BRDA:356,24,1,0
BRDA:363,25,0,1
BRDA:363,25,1,4
BRDA:369,26,0,1
BRDA:369,26,1,3
BRDA:369,27,0,4
BRDA:369,27,1,1
BRDA:424,28,0,0
BRDA:439,29,0,0
BRDA:472,30,0,0
BRDA:483,31,0,0
BRDA:483,31,1,0
BRDA:489,32,0,0
BRDA:489,32,1,0
BRDA:504,33,0,4
BRDA:531,34,0,0
BRDA:544,35,0,2
BRDA:557,36,0,0
BRF:51
BRH:29
end_of_record
TN:
SF:src/prisma/prisma.module.ts
FNF:0
FNH:0
DA:1,0
DA:2,0
DA:9,0
LF:3
LH:0
BRF:0
BRH:0
end_of_record
TN:
SF:src/prisma/prisma.service.ts
FN:6,(anonymous_2)
FN:12,(anonymous_3)
FN:16,(anonymous_4)
FNF:3
FNH:0
FNDA:0,(anonymous_2)
FNDA:0,(anonymous_3)
FNDA:0,(anonymous_4)
DA:1,3
DA:2,3
DA:5,3
DA:7,0
DA:13,0
DA:17,0
LF:6
LH:3
BRDA:8,0,0,0
BRDA:8,0,1,0
BRF:2
BRH:0
end_of_record
TN:
SF:src/subscription/subscription.controller.ts
FN:11,(anonymous_4)
FN:19,(anonymous_5)
FN:27,(anonymous_6)
FN:41,(anonymous_7)
FN:55,(anonymous_8)
FN:68,(anonymous_9)
FN:81,(anonymous_10)
FNF:7
FNH:0
FNDA:0,(anonymous_4)
FNDA:0,(anonymous_5)
FNDA:0,(anonymous_6)
FNDA:0,(anonymous_7)
FNDA:0,(anonymous_8)
FNDA:0,(anonymous_9)
FNDA:0,(anonymous_10)
DA:1,0
DA:2,0
DA:3,0
DA:5,0
DA:10,0
DA:12,0
DA:13,0
DA:19,0
DA:20,0
DA:27,0
DA:31,0
DA:32,0
DA:33,0
DA:41,0
DA:46,0
DA:47,0
DA:48,0
DA:55,0
DA:59,0
DA:60,0
DA:61,0
DA:68,0
DA:72,0
DA:73,0
DA:74,0
DA:81,0
DA:85,0
DA:86,0
DA:87,0
LF:29
LH:0
BRDA:48,0,0,0
BRDA:48,0,1,0
BRF:2
BRH:0
end_of_record
TN:
SF:src/subscription/subscription.module.ts
FNF:0
FNH:0
DA:1,0
DA:2,0
DA:3,0
DA:4,0
DA:5,0
DA:6,0
DA:14,0
LF:7
LH:0
BRF:0
BRH:0
end_of_record
TN:
SF:src/subscription/subscription.service.ts
FN:7,(anonymous_2)
FN:15,(anonymous_3)
FN:22,(anonymous_4)
FN:29,(anonymous_5)
FN:53,(anonymous_6)
FN:79,(anonymous_7)
FN:91,(anonymous_8)
FN:99,(anonymous_9)
FN:143,(anonymous_10)
FN:183,(anonymous_11)
FN:226,(anonymous_12)
FN:261,(anonymous_13)
FNF:12
FNH:0
FNDA:0,(anonymous_2)
FNDA:0,(anonymous_3)
FNDA:0,(anonymous_4)
FNDA:0,(anonymous_5)
FNDA:0,(anonymous_6)
FNDA:0,(anonymous_7)
FNDA:0,(anonymous_8)
FNDA:0,(anonymous_9)
FNDA:0,(anonymous_10)
FNDA:0,(anonymous_11)
FNDA:0,(anonymous_12)
FNDA:0,(anonymous_13)
DA:1,0
DA:2,0
DA:3,0
DA:6,0
DA:8,0
DA:9,0
DA:16,0
DA:23,0
DA:30,0
DA:47,0
DA:48,0
DA:51,0
DA:52,0
DA:53,0
DA:55,0
DA:56,0
DA:61,0
DA:62,0
DA:63,0
DA:68,0
DA:79,0
DA:93,0
DA:100,0
DA:105,0
DA:106,0
DA:109,0
DA:110,0
DA:114,0
DA:119,0
DA:132,0
DA:144,0
DA:149,0
DA:150,0
DA:153,0
DA:154,0
DA:157,0
DA:164,0
DA:173,0
DA:184,0
DA:189,0
DA:190,0
DA:193,0
DA:194,0
DA:198,0
DA:199,0
DA:202,0
DA:207,0
DA:216,0
DA:227,0
DA:230,0
DA:238,0
DA:240,0
DA:242,0
DA:252,0
DA:258,0
DA:259,0
DA:260,0
DA:261,0
DA:266,0
DA:277,0
LF:60
LH:0
BRDA:47,0,0,0
BRDA:51,1,0,0
BRDA:51,1,1,0
BRDA:56,2,0,0
BRDA:56,2,1,0
BRDA:62,3,0,0
BRDA:62,4,0,0
BRDA:62,4,1,0
BRDA:78,5,0,0
BRDA:78,5,1,0
BRDA:79,6,0,0
BRDA:79,6,1,0
BRDA:91,7,0,0
BRDA:105,8,0,0
BRDA:105,9,0,0
BRDA:105,9,1,0
BRDA:109,10,0,0
BRDA:149,11,0,0
BRDA:149,12,0,0
BRDA:149,12,1,0
BRDA:153,13,0,0
BRDA:189,14,0,0
BRDA:189,15,0,0
BRDA:189,15,1,0
BRDA:193,16,0,0
BRDA:198,17,0,0
BRDA:198,18,0,0
BRDA:198,18,1,0
BRDA:240,19,0,0
BRDA:258,20,0,0
BRF:30
BRH:0
end_of_record
TN:
SF:src/wot/wot.controller.ts
FN:8,(anonymous_13)
FN:14,(anonymous_14)
FN:18,(anonymous_15)
FN:30,(anonymous_16)
FN:36,(anonymous_17)
FN:48,(anonymous_18)
FN:54,(anonymous_19)
FN:65,(anonymous_20)
FN:68,(anonymous_21)
FNF:9
FNH:0
FNDA:0,(anonymous_13)
FNDA:0,(anonymous_14)
FNDA:0,(anonymous_15)
FNDA:0,(anonymous_16)
FNDA:0,(anonymous_17)
FNDA:0,(anonymous_18)
FNDA:0,(anonymous_19)
FNDA:0,(anonymous_20)
FNDA:0,(anonymous_21)
DA:1,0
DA:2,0
DA:3,0
DA:7,0
DA:8,0
DA:14,0
DA:16,0
DA:17,0
DA:18,0
DA:19,0
DA:20,0
DA:22,0
DA:30,0
DA:34,0
DA:35,0
DA:36,0
DA:37,0
DA:38,0
DA:40,0
DA:48,0
DA:52,0
DA:53,0
DA:54,0
DA:55,0
DA:56,0
DA:58,0
DA:65,0
DA:66,0
DA:67,0
DA:68,0
DA:69,0
DA:70,0
DA:72,0
LF:33
LH:0
BRDA:17,0,0,0
BRDA:35,1,0,0
BRDA:40,2,0,0
BRDA:40,2,1,0
BRDA:53,3,0,0
BRDA:58,4,0,0
BRDA:58,4,1,0
BRDA:67,5,0,0
BRF:8
BRH:0
end_of_record
TN:
SF:src/wot/wot.module.ts
FNF:0
FNH:0
DA:1,0
DA:2,0
DA:3,0
DA:10,0
LF:4
LH:0
BRF:0
BRH:0
end_of_record
TN:
SF:src/wot/wot.service.ts
FN:21,(anonymous_11)
FN:35,(anonymous_12)
FN:72,(anonymous_13)
FN:89,(anonymous_14)
FN:116,(anonymous_15)
FN:123,(anonymous_16)
FNF:6
FNH:0
FNDA:0,(anonymous_11)
FNDA:0,(anonymous_12)
FNDA:0,(anonymous_13)
FNDA:0,(anonymous_14)
FNDA:0,(anonymous_15)
FNDA:0,(anonymous_16)
DA:1,0
DA:2,0
DA:3,0
DA:18,0
DA:22,0
DA:23,0
DA:26,0
DA:36,0
DA:41,0
DA:43,0
DA:56,0
DA:73,0
DA:75,0
DA:76,0
DA:79,0
DA:80,0
DA:83,0
DA:90,0
DA:95,0
DA:96,0
DA:101,0
DA:117,0
DA:122,0
DA:123,0
DA:124,0
DA:142,0
DA:143,0
DA:144,0
DA:145,0
DA:147,0
DA:159,0
LF:31
LH:0
BRDA:41,0,0,0
BRDA:41,1,0,0
BRDA:41,1,1,0
BRDA:72,2,0,0
BRDA:75,3,0,0
BRDA:79,4,0,0
BRDA:89,5,0,0
BRDA:95,6,0,0
BRDA:105,7,0,0
BRDA:105,7,1,0
BRDA:106,8,0,0
BRDA:106,8,1,0
BRDA:107,9,0,0
BRDA:107,9,1,0
BRDA:122,10,0,0
BRDA:145,11,0,0
BRDA:145,11,1,0
BRDA:154,12,0,0
BRDA:154,12,1,0
BRDA:154,13,0,0
BRDA:154,13,1,0
BRF:21
BRH:0
end_of_record
